<?xml version="1.0" encoding="UTF-8"?>
<testsuite name="com.example.book.springboot.web.dto.HelloResponseDtoTest" tests="1" skipped="0" failures="0" errors="0" timestamp="2020-02-19T06:27:18" hostname="DESKTOP-IROTOQ5" time="0.005">
  <properties/>
  <testcase name="롬복_기능_테스트" classname="com.example.book.springboot.web.dto.HelloResponseDtoTest" time="0.005"/>
  <system-out><![CDATA[]]></system-out>
  <system-err><![CDATA[]]></system-err>
</testsuite>
