<?xml version="1.0" encoding="UTF-8"?>
<testsuite name="com.example.book.springboot.web.HelloControllerTest" tests="2" skipped="0" failures="0" errors="0" timestamp="2020-02-14T10:31:20" hostname="DESKTOP-IROTOQ5" time="0.304">
  <properties/>
  <testcase name="hello가_리턴된다" classname="com.example.book.springboot.web.HelloControllerTest" time="0.139"/>
  <testcase name="helloDto가_리턴된다" classname="com.example.book.springboot.web.HelloControllerTest" time="0.164"/>
  <system-out><![CDATA[2020-02-14 19:31:18.594  INFO 15416 --- [    Test worker] .b.t.a.w.s.WebMvcTestContextBootstrapper : Neither @ContextConfiguration nor @ContextHierarchy found for test class [com.example.book.springboot.web.HelloControllerTest], using SpringBootContextLoader
2020-02-14 19:31:18.596  INFO 15416 --- [    Test worker] o.s.t.c.support.AbstractContextLoader    : Could not detect default resource locations for test class [com.example.book.springboot.web.HelloControllerTest]: no resource found for suffixes {-context.xml, Context.groovy}.
2020-02-14 19:31:18.596  INFO 15416 --- [    Test worker] t.c.s.AnnotationConfigContextLoaderUtils : Could not detect default configuration classes for test class [com.example.book.springboot.web.HelloControllerTest]: HelloControllerTest does not declare any static, non-private, non-final, nested classes annotated with @Configuration.
2020-02-14 19:31:18.715  INFO 15416 --- [    Test worker] .b.t.c.SpringBootTestContextBootstrapper : Found @SpringBootConfiguration com.example.book.springboot.Application for test class com.example.book.springboot.web.HelloControllerTest
2020-02-14 19:31:18.718  INFO 15416 --- [    Test worker] .b.t.a.w.s.WebMvcTestContextBootstrapper : Loaded default TestExecutionListener class names from location [META-INF/spring.factories]: [org.springframework.security.test.context.support.WithSecurityContextTestExecutionListener, org.springframework.security.test.context.support.ReactorContextTestExecutionListener, org.springframework.boot.test.autoconfigure.restdocs.RestDocsTestExecutionListener, org.springframework.boot.test.autoconfigure.web.client.MockRestServiceServerResetTestExecutionListener, org.springframework.boot.test.autoconfigure.web.servlet.MockMvcPrintOnlyOnFailureTestExecutionListener, org.springframework.boot.test.autoconfigure.web.servlet.WebDriverTestExecutionListener, org.springframework.boot.test.mock.mockito.MockitoTestExecutionListener, org.springframework.boot.test.mock.mockito.ResetMocksTestExecutionListener, org.springframework.test.context.web.ServletTestExecutionListener, org.springframework.test.context.support.DirtiesContextBeforeModesTestExecutionListener, org.springframework.test.context.support.DependencyInjectionTestExecutionListener, org.springframework.test.context.support.DirtiesContextTestExecutionListener, org.springframework.test.context.transaction.TransactionalTestExecutionListener, org.springframework.test.context.jdbc.SqlScriptsTestExecutionListener]
2020-02-14 19:31:18.734  INFO 15416 --- [    Test worker] .b.t.a.w.s.WebMvcTestContextBootstrapper : Using TestExecutionListeners: [org.springframework.test.context.web.ServletTestExecutionListener@1a9344b, org.springframework.test.context.support.DirtiesContextBeforeModesTestExecutionListener@1f56095e, org.springframework.boot.test.mock.mockito.MockitoTestExecutionListener@725b6fb, org.springframework.boot.test.autoconfigure.SpringBootDependencyInjectionTestExecutionListener@617cb4a4, org.springframework.test.context.support.DirtiesContextTestExecutionListener@293fcfac, org.springframework.test.context.transaction.TransactionalTestExecutionListener@60c3f2c, org.springframework.test.context.jdbc.SqlScriptsTestExecutionListener@2cb4d378, org.springframework.security.test.context.support.WithSecurityContextTestExecutionListener@28698bde, org.springframework.security.test.context.support.ReactorContextTestExecutionListener@7f7c73d0, org.springframework.boot.test.autoconfigure.restdocs.RestDocsTestExecutionListener@186ec64c, org.springframework.boot.test.autoconfigure.web.client.MockRestServiceServerResetTestExecutionListener@124bf92a, org.springframework.boot.test.autoconfigure.web.servlet.MockMvcPrintOnlyOnFailureTestExecutionListener@7698b7c6, org.springframework.boot.test.autoconfigure.web.servlet.WebDriverTestExecutionListener@6a66b836, org.springframework.boot.test.mock.mockito.ResetMocksTestExecutionListener@4545f90]

  .   ____          _            __ _ _
 /\\ / ___'_ __ _ _(_)_ __  __ _ \ \ \ \
( ( )\___ | '_ | '_| | '_ \/ _` | \ \ \ \
 \\/  ___)| |_)| | | | | || (_| |  ) ) ) )
  '  |____| .__|_| |_|_| |_\__, | / / / /
 =========|_|==============|___/=/_/_/_/
 :: Spring Boot ::        (v2.1.7.RELEASE)

2020-02-14 19:31:18.862  INFO 15416 --- [    Test worker] c.e.b.s.web.HelloControllerTest          : Starting HelloControllerTest on DESKTOP-IROTOQ5 with PID 15416 (started by kimyoowan in C:\Users\kimyoowan\Desktop\web-service)
2020-02-14 19:31:18.863  INFO 15416 --- [    Test worker] c.e.b.s.web.HelloControllerTest          : The following profiles are active: oauth
2020-02-14 19:31:19.689  INFO 15416 --- [    Test worker] o.s.s.concurrent.ThreadPoolTaskExecutor  : Initializing ExecutorService 'applicationTaskExecutor'
2020-02-14 19:31:19.754  INFO 15416 --- [    Test worker] o.s.b.a.w.s.WelcomePageHandlerMapping    : Adding welcome page template: index
2020-02-14 19:31:20.183  INFO 15416 --- [    Test worker] .s.s.UserDetailsServiceAutoConfiguration : 

Using generated security password: 2e86c1d0-0844-4094-82ed-1f29c2de7d69

2020-02-14 19:31:20.483  INFO 15416 --- [    Test worker] o.s.s.web.DefaultSecurityFilterChain     : Creating filter chain: any request, [org.springframework.security.web.context.request.async.WebAsyncManagerIntegrationFilter@6f0dd2f1, org.springframework.security.web.context.SecurityContextPersistenceFilter@782b583d, org.springframework.security.web.header.HeaderWriterFilter@730cf0db, org.springframework.security.web.csrf.CsrfFilter@6e65347c, org.springframework.security.web.authentication.logout.LogoutFilter@367fcacb, org.springframework.security.web.authentication.UsernamePasswordAuthenticationFilter@106d5933, org.springframework.security.web.authentication.ui.DefaultLoginPageGeneratingFilter@75e54285, org.springframework.security.web.authentication.ui.DefaultLogoutPageGeneratingFilter@37617eb5, org.springframework.security.web.authentication.www.BasicAuthenticationFilter@4a4366d1, org.springframework.security.web.savedrequest.RequestCacheAwareFilter@3acd738b, org.springframework.security.web.servletapi.SecurityContextHolderAwareRequestFilter@2e53c621, org.springframework.security.web.authentication.AnonymousAuthenticationFilter@66c5e366, org.springframework.security.web.session.SessionManagementFilter@348dec12, org.springframework.security.web.access.ExceptionTranslationFilter@6ee58823, org.springframework.security.web.access.intercept.FilterSecurityInterceptor@73e036bb]
2020-02-14 19:31:20.562  INFO 15416 --- [    Test worker] o.s.b.t.m.w.SpringBootMockServletContext : Initializing Spring TestDispatcherServlet ''
2020-02-14 19:31:20.562  INFO 15416 --- [    Test worker] o.s.t.web.servlet.TestDispatcherServlet  : Initializing Servlet ''
2020-02-14 19:31:20.598  INFO 15416 --- [    Test worker] o.s.t.web.servlet.TestDispatcherServlet  : Completed initialization in 36 ms
2020-02-14 19:31:20.644  INFO 15416 --- [    Test worker] c.e.b.s.web.HelloControllerTest          : Started HelloControllerTest in 1.897 seconds (JVM running for 16.402)
]]></system-out>
  <system-err><![CDATA[]]></system-err>
</testsuite>
