<?xml version="1.0" encoding="UTF-8"?>
<testsuite name="com.example.book.springboot.web.IndexControllerTest" tests="1" skipped="0" failures="0" errors="0" timestamp="2020-02-19T06:42:02" hostname="DESKTOP-IROTOQ5" time="0.179">
  <properties/>
  <testcase name="메인페이지_로딩" classname="com.example.book.springboot.web.IndexControllerTest" time="0.179"/>
  <system-out><![CDATA[2020-02-19 15:42:02.595  INFO 13080 --- [    Test worker] .b.t.c.SpringBootTestContextBootstrapper : Neither @ContextConfiguration nor @ContextHierarchy found for test class [com.example.book.springboot.web.IndexControllerTest], using SpringBootContextLoader
2020-02-19 15:42:02.597  INFO 13080 --- [    Test worker] o.s.t.c.support.AbstractContextLoader    : Could not detect default resource locations for test class [com.example.book.springboot.web.IndexControllerTest]: no resource found for suffixes {-context.xml, Context.groovy}.
2020-02-19 15:42:02.597  INFO 13080 --- [    Test worker] t.c.s.AnnotationConfigContextLoaderUtils : Could not detect default configuration classes for test class [com.example.book.springboot.web.IndexControllerTest]: IndexControllerTest does not declare any static, non-private, non-final, nested classes annotated with @Configuration.
2020-02-19 15:42:02.600  INFO 13080 --- [    Test worker] .b.t.c.SpringBootTestContextBootstrapper : Found @SpringBootConfiguration com.example.book.springboot.Application for test class com.example.book.springboot.web.IndexControllerTest
2020-02-19 15:42:02.607  INFO 13080 --- [    Test worker] .b.t.c.SpringBootTestContextBootstrapper : Loaded default TestExecutionListener class names from location [META-INF/spring.factories]: [org.springframework.security.test.context.support.WithSecurityContextTestExecutionListener, org.springframework.security.test.context.support.ReactorContextTestExecutionListener, org.springframework.boot.test.autoconfigure.restdocs.RestDocsTestExecutionListener, org.springframework.boot.test.autoconfigure.web.client.MockRestServiceServerResetTestExecutionListener, org.springframework.boot.test.autoconfigure.web.servlet.MockMvcPrintOnlyOnFailureTestExecutionListener, org.springframework.boot.test.autoconfigure.web.servlet.WebDriverTestExecutionListener, org.springframework.boot.test.mock.mockito.MockitoTestExecutionListener, org.springframework.boot.test.mock.mockito.ResetMocksTestExecutionListener, org.springframework.test.context.web.ServletTestExecutionListener, org.springframework.test.context.support.DirtiesContextBeforeModesTestExecutionListener, org.springframework.test.context.support.DependencyInjectionTestExecutionListener, org.springframework.test.context.support.DirtiesContextTestExecutionListener, org.springframework.test.context.transaction.TransactionalTestExecutionListener, org.springframework.test.context.jdbc.SqlScriptsTestExecutionListener]
2020-02-19 15:42:02.621  INFO 13080 --- [    Test worker] .b.t.c.SpringBootTestContextBootstrapper : Using TestExecutionListeners: [org.springframework.test.context.web.ServletTestExecutionListener@5c260d1e, org.springframework.test.context.support.DirtiesContextBeforeModesTestExecutionListener@5de8775b, org.springframework.boot.test.mock.mockito.MockitoTestExecutionListener@6756d613, org.springframework.boot.test.autoconfigure.SpringBootDependencyInjectionTestExecutionListener@b2443e5, org.springframework.test.context.support.DirtiesContextTestExecutionListener@6706e162, org.springframework.test.context.transaction.TransactionalTestExecutionListener@794a0076, org.springframework.test.context.jdbc.SqlScriptsTestExecutionListener@28fdb702, org.springframework.security.test.context.support.WithSecurityContextTestExecutionListener@16ff293, org.springframework.security.test.context.support.ReactorContextTestExecutionListener@51b20e2d, org.springframework.boot.test.autoconfigure.restdocs.RestDocsTestExecutionListener@7852eddd, org.springframework.boot.test.autoconfigure.web.client.MockRestServiceServerResetTestExecutionListener@3d520072, org.springframework.boot.test.autoconfigure.web.servlet.MockMvcPrintOnlyOnFailureTestExecutionListener@43d79621, org.springframework.boot.test.autoconfigure.web.servlet.WebDriverTestExecutionListener@2553b10, org.springframework.boot.test.mock.mockito.ResetMocksTestExecutionListener@6d860282]
2020-02-19 15:42:02.703  INFO 13080 --- [o-auto-1-exec-3] o.h.h.i.QueryTranslatorFactoryInitiator  : HHH000397: Using ASTQueryTranslatorFactory
Hibernate: select posts0_.id as id1_0_, posts0_.created_date as created_2_0_, posts0_.modified_date as modified3_0_, posts0_.author as author4_0_, posts0_.content as content5_0_, posts0_.title as title6_0_ from posts posts0_ order by posts0_.id desc
]]></system-out>
  <system-err><![CDATA[]]></system-err>
</testsuite>
