<?xml version="1.0" encoding="UTF-8"?>
<testsuite name="com.example.book.springboot.web.HelloControllerTest" tests="2" skipped="0" failures="0" errors="0" timestamp="2020-02-19T06:31:18" hostname="DESKTOP-IROTOQ5" time="0.318">
  <properties/>
  <testcase name="hello가_리턴된다" classname="com.example.book.springboot.web.HelloControllerTest" time="0.124"/>
  <testcase name="helloDto가_리턴된다" classname="com.example.book.springboot.web.HelloControllerTest" time="0.192"/>
  <system-out><![CDATA[2020-02-19 15:31:16.671  INFO 7892 --- [    Test worker] .b.t.a.w.s.WebMvcTestContextBootstrapper : Neither @ContextConfiguration nor @ContextHierarchy found for test class [com.example.book.springboot.web.HelloControllerTest], using SpringBootContextLoader
2020-02-19 15:31:16.673  INFO 7892 --- [    Test worker] o.s.t.c.support.AbstractContextLoader    : Could not detect default resource locations for test class [com.example.book.springboot.web.HelloControllerTest]: no resource found for suffixes {-context.xml, Context.groovy}.
2020-02-19 15:31:16.673  INFO 7892 --- [    Test worker] t.c.s.AnnotationConfigContextLoaderUtils : Could not detect default configuration classes for test class [com.example.book.springboot.web.HelloControllerTest]: HelloControllerTest does not declare any static, non-private, non-final, nested classes annotated with @Configuration.
2020-02-19 15:31:16.734  INFO 7892 --- [    Test worker] .b.t.c.SpringBootTestContextBootstrapper : Found @SpringBootConfiguration com.example.book.springboot.Application for test class com.example.book.springboot.web.HelloControllerTest
2020-02-19 15:31:16.735  INFO 7892 --- [    Test worker] .b.t.a.w.s.WebMvcTestContextBootstrapper : Loaded default TestExecutionListener class names from location [META-INF/spring.factories]: [org.springframework.security.test.context.support.WithSecurityContextTestExecutionListener, org.springframework.security.test.context.support.ReactorContextTestExecutionListener, org.springframework.boot.test.autoconfigure.restdocs.RestDocsTestExecutionListener, org.springframework.boot.test.autoconfigure.web.client.MockRestServiceServerResetTestExecutionListener, org.springframework.boot.test.autoconfigure.web.servlet.MockMvcPrintOnlyOnFailureTestExecutionListener, org.springframework.boot.test.autoconfigure.web.servlet.WebDriverTestExecutionListener, org.springframework.boot.test.mock.mockito.MockitoTestExecutionListener, org.springframework.boot.test.mock.mockito.ResetMocksTestExecutionListener, org.springframework.test.context.web.ServletTestExecutionListener, org.springframework.test.context.support.DirtiesContextBeforeModesTestExecutionListener, org.springframework.test.context.support.DependencyInjectionTestExecutionListener, org.springframework.test.context.support.DirtiesContextTestExecutionListener, org.springframework.test.context.transaction.TransactionalTestExecutionListener, org.springframework.test.context.jdbc.SqlScriptsTestExecutionListener]
2020-02-19 15:31:16.737  INFO 7892 --- [    Test worker] .b.t.a.w.s.WebMvcTestContextBootstrapper : Using TestExecutionListeners: [org.springframework.test.context.web.ServletTestExecutionListener@3eb2435c, org.springframework.test.context.support.DirtiesContextBeforeModesTestExecutionListener@65e24cd9, org.springframework.boot.test.mock.mockito.MockitoTestExecutionListener@2f68e0b4, org.springframework.boot.test.autoconfigure.SpringBootDependencyInjectionTestExecutionListener@20b53990, org.springframework.test.context.support.DirtiesContextTestExecutionListener@c313679, org.springframework.test.context.transaction.TransactionalTestExecutionListener@7bc237a2, org.springframework.test.context.jdbc.SqlScriptsTestExecutionListener@13c7152e, org.springframework.security.test.context.support.WithSecurityContextTestExecutionListener@1a37d77f, org.springframework.security.test.context.support.ReactorContextTestExecutionListener@1f30b8be, org.springframework.boot.test.autoconfigure.restdocs.RestDocsTestExecutionListener@7525e3dd, org.springframework.boot.test.autoconfigure.web.client.MockRestServiceServerResetTestExecutionListener@5e60e632, org.springframework.boot.test.autoconfigure.web.servlet.MockMvcPrintOnlyOnFailureTestExecutionListener@7ac84eae, org.springframework.boot.test.autoconfigure.web.servlet.WebDriverTestExecutionListener@60a7fc01, org.springframework.boot.test.mock.mockito.ResetMocksTestExecutionListener@3ac6d0c3]

  .   ____          _            __ _ _
 /\\ / ___'_ __ _ _(_)_ __  __ _ \ \ \ \
( ( )\___ | '_ | '_| | '_ \/ _` | \ \ \ \
 \\/  ___)| |_)| | | | | || (_| |  ) ) ) )
  '  |____| .__|_| |_|_| |_\__, | / / / /
 =========|_|==============|___/=/_/_/_/
 :: Spring Boot ::        (v2.1.7.RELEASE)

2020-02-19 15:31:16.915  INFO 7892 --- [    Test worker] c.e.b.s.web.HelloControllerTest          : Starting HelloControllerTest on DESKTOP-IROTOQ5 with PID 7892 (started by kimyoowan in C:\Users\kimyoowan\Desktop\web-service)
2020-02-19 15:31:16.916  INFO 7892 --- [    Test worker] c.e.b.s.web.HelloControllerTest          : The following profiles are active: real,oauth,real-db
2020-02-19 15:31:17.764  INFO 7892 --- [    Test worker] o.s.s.concurrent.ThreadPoolTaskExecutor  : Initializing ExecutorService 'applicationTaskExecutor'
2020-02-19 15:31:17.817  INFO 7892 --- [    Test worker] o.s.b.a.w.s.WelcomePageHandlerMapping    : Adding welcome page template: index
2020-02-19 15:31:18.166  INFO 7892 --- [    Test worker] .s.s.UserDetailsServiceAutoConfiguration : 

Using generated security password: 7ebacb36-2278-48b2-80e2-d287d2497e1c

2020-02-19 15:31:18.388  INFO 7892 --- [    Test worker] o.s.s.web.DefaultSecurityFilterChain     : Creating filter chain: any request, [org.springframework.security.web.context.request.async.WebAsyncManagerIntegrationFilter@202ec2a9, org.springframework.security.web.context.SecurityContextPersistenceFilter@4add7ef7, org.springframework.security.web.header.HeaderWriterFilter@354613e5, org.springframework.security.web.csrf.CsrfFilter@537d14e1, org.springframework.security.web.authentication.logout.LogoutFilter@6b0bda9, org.springframework.security.web.authentication.UsernamePasswordAuthenticationFilter@25b4d790, org.springframework.security.web.authentication.ui.DefaultLoginPageGeneratingFilter@45635482, org.springframework.security.web.authentication.ui.DefaultLogoutPageGeneratingFilter@7b484f5f, org.springframework.security.web.authentication.www.BasicAuthenticationFilter@205457eb, org.springframework.security.web.savedrequest.RequestCacheAwareFilter@70355f04, org.springframework.security.web.servletapi.SecurityContextHolderAwareRequestFilter@7569b3dc, org.springframework.security.web.authentication.AnonymousAuthenticationFilter@7921b4d2, org.springframework.security.web.session.SessionManagementFilter@ea7c3b0, org.springframework.security.web.access.ExceptionTranslationFilter@39806a52, org.springframework.security.web.access.intercept.FilterSecurityInterceptor@3d717b61]
2020-02-19 15:31:18.445  INFO 7892 --- [    Test worker] o.s.b.t.m.w.SpringBootMockServletContext : Initializing Spring TestDispatcherServlet ''
2020-02-19 15:31:18.447  INFO 7892 --- [    Test worker] o.s.t.web.servlet.TestDispatcherServlet  : Initializing Servlet ''
2020-02-19 15:31:18.471  INFO 7892 --- [    Test worker] o.s.t.web.servlet.TestDispatcherServlet  : Completed initialization in 23 ms
2020-02-19 15:31:18.516  INFO 7892 --- [    Test worker] c.e.b.s.web.HelloControllerTest          : Started HelloControllerTest in 1.775 seconds (JVM running for 15.427)
]]></system-out>
  <system-err><![CDATA[]]></system-err>
</testsuite>
