<?xml version="1.0" encoding="UTF-8"?>
<testsuite name="com.example.book.springboot.web.HelloControllerTest" tests="2" skipped="0" failures="0" errors="0" timestamp="2020-02-19T06:42:02" hostname="DESKTOP-IROTOQ5" time="0.321">
  <properties/>
  <testcase name="hello가_리턴된다" classname="com.example.book.springboot.web.HelloControllerTest" time="0.059"/>
  <testcase name="helloDto가_리턴된다" classname="com.example.book.springboot.web.HelloControllerTest" time="0.26"/>
  <system-out><![CDATA[2020-02-19 15:41:59.413  INFO 13080 --- [    Test worker] .b.t.a.w.s.WebMvcTestContextBootstrapper : Neither @ContextConfiguration nor @ContextHierarchy found for test class [com.example.book.springboot.web.HelloControllerTest], using SpringBootContextLoader
2020-02-19 15:41:59.414  INFO 13080 --- [    Test worker] o.s.t.c.support.AbstractContextLoader    : Could not detect default resource locations for test class [com.example.book.springboot.web.HelloControllerTest]: no resource found for suffixes {-context.xml, Context.groovy}.
2020-02-19 15:41:59.415  INFO 13080 --- [    Test worker] t.c.s.AnnotationConfigContextLoaderUtils : Could not detect default configuration classes for test class [com.example.book.springboot.web.HelloControllerTest]: HelloControllerTest does not declare any static, non-private, non-final, nested classes annotated with @Configuration.
2020-02-19 15:41:59.443  INFO 13080 --- [    Test worker] .b.t.c.SpringBootTestContextBootstrapper : Found @SpringBootConfiguration com.example.book.springboot.Application for test class com.example.book.springboot.web.HelloControllerTest
2020-02-19 15:41:59.444  INFO 13080 --- [    Test worker] .b.t.a.w.s.WebMvcTestContextBootstrapper : Loaded default TestExecutionListener class names from location [META-INF/spring.factories]: [org.springframework.security.test.context.support.WithSecurityContextTestExecutionListener, org.springframework.security.test.context.support.ReactorContextTestExecutionListener, org.springframework.boot.test.autoconfigure.restdocs.RestDocsTestExecutionListener, org.springframework.boot.test.autoconfigure.web.client.MockRestServiceServerResetTestExecutionListener, org.springframework.boot.test.autoconfigure.web.servlet.MockMvcPrintOnlyOnFailureTestExecutionListener, org.springframework.boot.test.autoconfigure.web.servlet.WebDriverTestExecutionListener, org.springframework.boot.test.mock.mockito.MockitoTestExecutionListener, org.springframework.boot.test.mock.mockito.ResetMocksTestExecutionListener, org.springframework.test.context.web.ServletTestExecutionListener, org.springframework.test.context.support.DirtiesContextBeforeModesTestExecutionListener, org.springframework.test.context.support.DependencyInjectionTestExecutionListener, org.springframework.test.context.support.DirtiesContextTestExecutionListener, org.springframework.test.context.transaction.TransactionalTestExecutionListener, org.springframework.test.context.jdbc.SqlScriptsTestExecutionListener]
2020-02-19 15:41:59.445  INFO 13080 --- [    Test worker] .b.t.a.w.s.WebMvcTestContextBootstrapper : Using TestExecutionListeners: [org.springframework.test.context.web.ServletTestExecutionListener@4c2bdee, org.springframework.test.context.support.DirtiesContextBeforeModesTestExecutionListener@56c2ac32, org.springframework.boot.test.mock.mockito.MockitoTestExecutionListener@4362a732, org.springframework.boot.test.autoconfigure.SpringBootDependencyInjectionTestExecutionListener@21c8c2af, org.springframework.test.context.support.DirtiesContextTestExecutionListener@307436b5, org.springframework.test.context.transaction.TransactionalTestExecutionListener@7394afb5, org.springframework.test.context.jdbc.SqlScriptsTestExecutionListener@2599cdc2, org.springframework.security.test.context.support.WithSecurityContextTestExecutionListener@42a3ae64, org.springframework.security.test.context.support.ReactorContextTestExecutionListener@53f3e91b, org.springframework.boot.test.autoconfigure.restdocs.RestDocsTestExecutionListener@5cc0dd7, org.springframework.boot.test.autoconfigure.web.client.MockRestServiceServerResetTestExecutionListener@6ed03771, org.springframework.boot.test.autoconfigure.web.servlet.MockMvcPrintOnlyOnFailureTestExecutionListener@31df6441, org.springframework.boot.test.autoconfigure.web.servlet.WebDriverTestExecutionListener@7da8f850, org.springframework.boot.test.mock.mockito.ResetMocksTestExecutionListener@18efe087]

  .   ____          _            __ _ _
 /\\ / ___'_ __ _ _(_)_ __  __ _ \ \ \ \
( ( )\___ | '_ | '_| | '_ \/ _` | \ \ \ \
 \\/  ___)| |_)| | | | | || (_| |  ) ) ) )
  '  |____| .__|_| |_|_| |_\__, | / / / /
 =========|_|==============|___/=/_/_/_/
 :: Spring Boot ::        (v2.1.7.RELEASE)

2020-02-19 15:41:59.574  INFO 13080 --- [    Test worker] c.e.b.s.web.HelloControllerTest          : Starting HelloControllerTest on DESKTOP-IROTOQ5 with PID 13080 (started by kimyoowan in C:\Users\kimyoowan\Desktop\web-service)
2020-02-19 15:41:59.574  INFO 13080 --- [    Test worker] c.e.b.s.web.HelloControllerTest          : The following profiles are active: real,oauth,real-db
2020-02-19 15:42:01.363  INFO 13080 --- [    Test worker] o.s.s.concurrent.ThreadPoolTaskExecutor  : Initializing ExecutorService 'applicationTaskExecutor'
2020-02-19 15:42:01.435  INFO 13080 --- [    Test worker] o.s.b.a.w.s.WelcomePageHandlerMapping    : Adding welcome page template: index
2020-02-19 15:42:01.793  INFO 13080 --- [    Test worker] .s.s.UserDetailsServiceAutoConfiguration : 

Using generated security password: dc837add-a30b-49a3-8c1c-cbc745d16047

2020-02-19 15:42:02.116  INFO 13080 --- [    Test worker] o.s.s.web.DefaultSecurityFilterChain     : Creating filter chain: any request, [org.springframework.security.web.context.request.async.WebAsyncManagerIntegrationFilter@6c181b1d, org.springframework.security.web.context.SecurityContextPersistenceFilter@3afe0efe, org.springframework.security.web.header.HeaderWriterFilter@790a1ab6, org.springframework.security.web.csrf.CsrfFilter@2751fad7, org.springframework.security.web.authentication.logout.LogoutFilter@7f89c7fe, org.springframework.security.web.authentication.UsernamePasswordAuthenticationFilter@546d1097, org.springframework.security.web.authentication.ui.DefaultLoginPageGeneratingFilter@2ff7c41b, org.springframework.security.web.authentication.ui.DefaultLogoutPageGeneratingFilter@7506d10d, org.springframework.security.web.authentication.www.BasicAuthenticationFilter@2f141b84, org.springframework.security.web.savedrequest.RequestCacheAwareFilter@79db51fb, org.springframework.security.web.servletapi.SecurityContextHolderAwareRequestFilter@50ad3bdc, org.springframework.security.web.authentication.AnonymousAuthenticationFilter@7ac12c12, org.springframework.security.web.session.SessionManagementFilter@5125c002, org.springframework.security.web.access.ExceptionTranslationFilter@4f119ee4, org.springframework.security.web.access.intercept.FilterSecurityInterceptor@422c1c89]
2020-02-19 15:42:02.151  INFO 13080 --- [    Test worker] o.s.b.t.m.w.SpringBootMockServletContext : Initializing Spring TestDispatcherServlet ''
2020-02-19 15:42:02.153  INFO 13080 --- [    Test worker] o.s.t.web.servlet.TestDispatcherServlet  : Initializing Servlet ''
2020-02-19 15:42:02.175  INFO 13080 --- [    Test worker] o.s.t.web.servlet.TestDispatcherServlet  : Completed initialization in 22 ms
2020-02-19 15:42:02.260  INFO 13080 --- [    Test worker] c.e.b.s.web.HelloControllerTest          : Started HelloControllerTest in 2.812 seconds (JVM running for 25.149)
]]></system-out>
  <system-err><![CDATA[]]></system-err>
</testsuite>
