<?xml version="1.0" encoding="UTF-8"?>
<testsuite name="com.example.book.springboot.web.IndexControllerTest" tests="1" skipped="0" failures="0" errors="0" timestamp="2020-02-19T06:27:24" hostname="DESKTOP-IROTOQ5" time="0.342">
  <properties/>
  <testcase name="메인페이지_로딩" classname="com.example.book.springboot.web.IndexControllerTest" time="0.342"/>
  <system-out><![CDATA[2020-02-19 15:27:20.898  INFO 8612 --- [    Test worker] .b.t.c.SpringBootTestContextBootstrapper : Neither @ContextConfiguration nor @ContextHierarchy found for test class [com.example.book.springboot.web.IndexControllerTest], using SpringBootContextLoader
2020-02-19 15:27:20.900  INFO 8612 --- [    Test worker] o.s.t.c.support.AbstractContextLoader    : Could not detect default resource locations for test class [com.example.book.springboot.web.IndexControllerTest]: no resource found for suffixes {-context.xml, Context.groovy}.
2020-02-19 15:27:20.901  INFO 8612 --- [    Test worker] t.c.s.AnnotationConfigContextLoaderUtils : Could not detect default configuration classes for test class [com.example.book.springboot.web.IndexControllerTest]: IndexControllerTest does not declare any static, non-private, non-final, nested classes annotated with @Configuration.
2020-02-19 15:27:20.904  INFO 8612 --- [    Test worker] .b.t.c.SpringBootTestContextBootstrapper : Found @SpringBootConfiguration com.example.book.springboot.Application for test class com.example.book.springboot.web.IndexControllerTest
2020-02-19 15:27:20.907  INFO 8612 --- [    Test worker] .b.t.c.SpringBootTestContextBootstrapper : Loaded default TestExecutionListener class names from location [META-INF/spring.factories]: [org.springframework.security.test.context.support.WithSecurityContextTestExecutionListener, org.springframework.security.test.context.support.ReactorContextTestExecutionListener, org.springframework.boot.test.autoconfigure.restdocs.RestDocsTestExecutionListener, org.springframework.boot.test.autoconfigure.web.client.MockRestServiceServerResetTestExecutionListener, org.springframework.boot.test.autoconfigure.web.servlet.MockMvcPrintOnlyOnFailureTestExecutionListener, org.springframework.boot.test.autoconfigure.web.servlet.WebDriverTestExecutionListener, org.springframework.boot.test.mock.mockito.MockitoTestExecutionListener, org.springframework.boot.test.mock.mockito.ResetMocksTestExecutionListener, org.springframework.test.context.web.ServletTestExecutionListener, org.springframework.test.context.support.DirtiesContextBeforeModesTestExecutionListener, org.springframework.test.context.support.DependencyInjectionTestExecutionListener, org.springframework.test.context.support.DirtiesContextTestExecutionListener, org.springframework.test.context.transaction.TransactionalTestExecutionListener, org.springframework.test.context.jdbc.SqlScriptsTestExecutionListener]
2020-02-19 15:27:20.909  INFO 8612 --- [    Test worker] .b.t.c.SpringBootTestContextBootstrapper : Using TestExecutionListeners: [org.springframework.test.context.web.ServletTestExecutionListener@2ca64c68, org.springframework.test.context.support.DirtiesContextBeforeModesTestExecutionListener@2311cc5a, org.springframework.boot.test.mock.mockito.MockitoTestExecutionListener@71a85dc3, org.springframework.boot.test.autoconfigure.SpringBootDependencyInjectionTestExecutionListener@1e7e476e, org.springframework.test.context.support.DirtiesContextTestExecutionListener@a58dc5, org.springframework.test.context.transaction.TransactionalTestExecutionListener@2d7be297, org.springframework.test.context.jdbc.SqlScriptsTestExecutionListener@1e8ef4be, org.springframework.security.test.context.support.WithSecurityContextTestExecutionListener@72278536, org.springframework.security.test.context.support.ReactorContextTestExecutionListener@5ec0f512, org.springframework.boot.test.autoconfigure.restdocs.RestDocsTestExecutionListener@2cdddb07, org.springframework.boot.test.autoconfigure.web.client.MockRestServiceServerResetTestExecutionListener@459fe126, org.springframework.boot.test.autoconfigure.web.servlet.MockMvcPrintOnlyOnFailureTestExecutionListener@b5fc296, org.springframework.boot.test.autoconfigure.web.servlet.WebDriverTestExecutionListener@52eece8a, org.springframework.boot.test.mock.mockito.ResetMocksTestExecutionListener@10a93233]

  .   ____          _            __ _ _
 /\\ / ___'_ __ _ _(_)_ __  __ _ \ \ \ \
( ( )\___ | '_ | '_| | '_ \/ _` | \ \ \ \
 \\/  ___)| |_)| | | | | || (_| |  ) ) ) )
  '  |____| .__|_| |_|_| |_\__, | / / / /
 =========|_|==============|___/=/_/_/_/
 :: Spring Boot ::        (v2.1.7.RELEASE)

2020-02-19 15:27:21.087  INFO 8612 --- [    Test worker] c.e.b.s.web.IndexControllerTest          : Starting IndexControllerTest on DESKTOP-IROTOQ5 with PID 8612 (started by kimyoowan in C:\Users\kimyoowan\Desktop\web-service)
2020-02-19 15:27:21.093  INFO 8612 --- [    Test worker] c.e.b.s.web.IndexControllerTest          : The following profiles are active: real,oauth,real-db
2020-02-19 15:27:21.498  INFO 8612 --- [    Test worker] .s.d.r.c.RepositoryConfigurationDelegate : Bootstrapping Spring Data repositories in DEFAULT mode.
2020-02-19 15:27:21.541  INFO 8612 --- [    Test worker] .s.d.r.c.RepositoryConfigurationDelegate : Finished Spring Data repository scanning in 43ms. Found 2 repository interfaces.
2020-02-19 15:27:21.737  INFO 8612 --- [    Test worker] trationDelegate$BeanPostProcessorChecker : Bean 'org.springframework.transaction.annotation.ProxyTransactionManagementConfiguration' of type [org.springframework.transaction.annotation.ProxyTransactionManagementConfiguration$$EnhancerBySpringCGLIB$$86a2b803] is not eligible for getting processed by all BeanPostProcessors (for example: not eligible for auto-proxying)
2020-02-19 15:27:22.173  INFO 8612 --- [    Test worker] o.s.b.w.embedded.tomcat.TomcatWebServer  : Tomcat initialized with port(s): 0 (http)
2020-02-19 15:27:22.226  INFO 8612 --- [    Test worker] o.apache.catalina.core.StandardService   : Starting service [Tomcat]
2020-02-19 15:27:22.227  INFO 8612 --- [    Test worker] org.apache.catalina.core.StandardEngine  : Starting Servlet engine: [Apache Tomcat/9.0.22]
2020-02-19 15:27:22.509  INFO 8612 --- [    Test worker] o.a.c.c.C.[Tomcat].[localhost].[/]       : Initializing Spring embedded WebApplicationContext
2020-02-19 15:27:22.509  INFO 8612 --- [    Test worker] o.s.web.context.ContextLoader            : Root WebApplicationContext: initialization completed in 1412 ms
2020-02-19 15:27:22.849  INFO 8612 --- [    Test worker] com.zaxxer.hikari.HikariDataSource       : HikariPool-2 - Starting...
2020-02-19 15:27:22.884  INFO 8612 --- [    Test worker] com.zaxxer.hikari.HikariDataSource       : HikariPool-2 - Start completed.
2020-02-19 15:27:22.977  INFO 8612 --- [    Test worker] o.hibernate.jpa.internal.util.LogHelper  : HHH000204: Processing PersistenceUnitInfo [
	name: default
	...]
2020-02-19 15:27:23.001  INFO 8612 --- [    Test worker] org.hibernate.dialect.Dialect            : HHH000400: Using dialect: org.hibernate.dialect.MySQL5InnoDBDialect
2020-02-19 15:27:23.094  INFO 8612 --- [    Test worker] j.LocalContainerEntityManagerFactoryBean : Initialized JPA EntityManagerFactory for persistence unit 'default'
2020-02-19 15:27:24.008  INFO 8612 --- [    Test worker] o.s.s.web.DefaultSecurityFilterChain     : Creating filter chain: any request, [org.springframework.security.web.context.request.async.WebAsyncManagerIntegrationFilter@1a6e1e85, org.springframework.security.web.context.SecurityContextPersistenceFilter@41953a11, org.springframework.security.web.header.HeaderWriterFilter@3dfd030, org.springframework.security.web.authentication.logout.LogoutFilter@7e521107, org.springframework.security.oauth2.client.web.OAuth2AuthorizationRequestRedirectFilter@2523af40, org.springframework.security.oauth2.client.web.OAuth2LoginAuthenticationFilter@51de8bbb, org.springframework.security.web.authentication.ui.DefaultLoginPageGeneratingFilter@16fff47b, org.springframework.security.web.authentication.ui.DefaultLogoutPageGeneratingFilter@1311bfbe, org.springframework.security.web.savedrequest.RequestCacheAwareFilter@661cd493, org.springframework.security.web.servletapi.SecurityContextHolderAwareRequestFilter@1bbfc630, org.springframework.security.web.authentication.AnonymousAuthenticationFilter@2bf05b33, org.springframework.security.web.session.SessionManagementFilter@522bfcc0, org.springframework.security.web.access.ExceptionTranslationFilter@4f6d0878, org.springframework.security.web.access.intercept.FilterSecurityInterceptor@13d354b2]
2020-02-19 15:27:24.384  INFO 8612 --- [    Test worker] o.s.s.concurrent.ThreadPoolTaskExecutor  : Initializing ExecutorService 'applicationTaskExecutor'
2020-02-19 15:27:24.414  WARN 8612 --- [    Test worker] aWebConfiguration$JpaWebMvcConfiguration : spring.jpa.open-in-view is enabled by default. Therefore, database queries may be performed during view rendering. Explicitly configure spring.jpa.open-in-view to disable this warning
2020-02-19 15:27:24.483  INFO 8612 --- [    Test worker] o.s.b.a.w.s.WelcomePageHandlerMapping    : Adding welcome page template: index
2020-02-19 15:27:24.955  INFO 8612 --- [    Test worker] s.a.ScheduledAnnotationBeanPostProcessor : No TaskScheduler/ScheduledExecutorService bean found for scheduled processing
2020-02-19 15:27:24.986  INFO 8612 --- [    Test worker] o.s.b.w.embedded.tomcat.TomcatWebServer  : Tomcat started on port(s): 3627 (http) with context path ''
2020-02-19 15:27:24.987  INFO 8612 --- [    Test worker] c.e.b.s.web.IndexControllerTest          : Started IndexControllerTest in 4.074 seconds (JVM running for 22.023)
2020-02-19 15:27:25.130  INFO 8612 --- [o-auto-1-exec-1] o.a.c.c.C.[Tomcat].[localhost].[/]       : Initializing Spring DispatcherServlet 'dispatcherServlet'
2020-02-19 15:27:25.130  INFO 8612 --- [o-auto-1-exec-1] o.s.web.servlet.DispatcherServlet        : Initializing Servlet 'dispatcherServlet'
2020-02-19 15:27:25.163  INFO 8612 --- [o-auto-1-exec-1] o.s.web.servlet.DispatcherServlet        : Completed initialization in 33 ms
2020-02-19 15:27:25.242  INFO 8612 --- [o-auto-1-exec-1] o.h.h.i.QueryTranslatorFactoryInitiator  : HHH000397: Using ASTQueryTranslatorFactory
Hibernate: select posts0_.id as id1_0_, posts0_.created_date as created_2_0_, posts0_.modified_date as modified3_0_, posts0_.author as author4_0_, posts0_.content as content5_0_, posts0_.title as title6_0_ from posts posts0_ order by posts0_.id desc
]]></system-out>
  <system-err><![CDATA[]]></system-err>
</testsuite>
