<?xml version="1.0" encoding="UTF-8"?>
<testsuite name="com.example.book.springboot.web.HelloControllerTest" tests="2" skipped="0" failures="0" errors="0" timestamp="2020-02-19T06:27:20" hostname="DESKTOP-IROTOQ5" time="0.324">
  <properties/>
  <testcase name="hello가_리턴된다" classname="com.example.book.springboot.web.HelloControllerTest" time="0.135"/>
  <testcase name="helloDto가_리턴된다" classname="com.example.book.springboot.web.HelloControllerTest" time="0.188"/>
  <system-out><![CDATA[2020-02-19 15:27:18.101  INFO 8612 --- [    Test worker] .b.t.a.w.s.WebMvcTestContextBootstrapper : Neither @ContextConfiguration nor @ContextHierarchy found for test class [com.example.book.springboot.web.HelloControllerTest], using SpringBootContextLoader
2020-02-19 15:27:18.106  INFO 8612 --- [    Test worker] o.s.t.c.support.AbstractContextLoader    : Could not detect default resource locations for test class [com.example.book.springboot.web.HelloControllerTest]: no resource found for suffixes {-context.xml, Context.groovy}.
2020-02-19 15:27:18.106  INFO 8612 --- [    Test worker] t.c.s.AnnotationConfigContextLoaderUtils : Could not detect default configuration classes for test class [com.example.book.springboot.web.HelloControllerTest]: HelloControllerTest does not declare any static, non-private, non-final, nested classes annotated with @Configuration.
2020-02-19 15:27:18.185  INFO 8612 --- [    Test worker] .b.t.c.SpringBootTestContextBootstrapper : Found @SpringBootConfiguration com.example.book.springboot.Application for test class com.example.book.springboot.web.HelloControllerTest
2020-02-19 15:27:18.261  INFO 8612 --- [    Test worker] .b.t.a.w.s.WebMvcTestContextBootstrapper : Loaded default TestExecutionListener class names from location [META-INF/spring.factories]: [org.springframework.security.test.context.support.WithSecurityContextTestExecutionListener, org.springframework.security.test.context.support.ReactorContextTestExecutionListener, org.springframework.boot.test.autoconfigure.restdocs.RestDocsTestExecutionListener, org.springframework.boot.test.autoconfigure.web.client.MockRestServiceServerResetTestExecutionListener, org.springframework.boot.test.autoconfigure.web.servlet.MockMvcPrintOnlyOnFailureTestExecutionListener, org.springframework.boot.test.autoconfigure.web.servlet.WebDriverTestExecutionListener, org.springframework.boot.test.mock.mockito.MockitoTestExecutionListener, org.springframework.boot.test.mock.mockito.ResetMocksTestExecutionListener, org.springframework.test.context.web.ServletTestExecutionListener, org.springframework.test.context.support.DirtiesContextBeforeModesTestExecutionListener, org.springframework.test.context.support.DependencyInjectionTestExecutionListener, org.springframework.test.context.support.DirtiesContextTestExecutionListener, org.springframework.test.context.transaction.TransactionalTestExecutionListener, org.springframework.test.context.jdbc.SqlScriptsTestExecutionListener]
2020-02-19 15:27:18.266  INFO 8612 --- [    Test worker] .b.t.a.w.s.WebMvcTestContextBootstrapper : Using TestExecutionListeners: [org.springframework.test.context.web.ServletTestExecutionListener@551a97ee, org.springframework.test.context.support.DirtiesContextBeforeModesTestExecutionListener@758f37b0, org.springframework.boot.test.mock.mockito.MockitoTestExecutionListener@21f950d1, org.springframework.boot.test.autoconfigure.SpringBootDependencyInjectionTestExecutionListener@23a111d8, org.springframework.test.context.support.DirtiesContextTestExecutionListener@228557a5, org.springframework.test.context.transaction.TransactionalTestExecutionListener@2ebbc6f2, org.springframework.test.context.jdbc.SqlScriptsTestExecutionListener@45af742c, org.springframework.security.test.context.support.WithSecurityContextTestExecutionListener@6eab9290, org.springframework.security.test.context.support.ReactorContextTestExecutionListener@661bc89f, org.springframework.boot.test.autoconfigure.restdocs.RestDocsTestExecutionListener@16e71ef8, org.springframework.boot.test.autoconfigure.web.client.MockRestServiceServerResetTestExecutionListener@2857061c, org.springframework.boot.test.autoconfigure.web.servlet.MockMvcPrintOnlyOnFailureTestExecutionListener@1ada3e94, org.springframework.boot.test.autoconfigure.web.servlet.WebDriverTestExecutionListener@223d5260, org.springframework.boot.test.mock.mockito.ResetMocksTestExecutionListener@c038801]

  .   ____          _            __ _ _
 /\\ / ___'_ __ _ _(_)_ __  __ _ \ \ \ \
( ( )\___ | '_ | '_| | '_ \/ _` | \ \ \ \
 \\/  ___)| |_)| | | | | || (_| |  ) ) ) )
  '  |____| .__|_| |_|_| |_\__, | / / / /
 =========|_|==============|___/=/_/_/_/
 :: Spring Boot ::        (v2.1.7.RELEASE)

2020-02-19 15:27:18.514  INFO 8612 --- [    Test worker] c.e.b.s.web.HelloControllerTest          : Starting HelloControllerTest on DESKTOP-IROTOQ5 with PID 8612 (started by kimyoowan in C:\Users\kimyoowan\Desktop\web-service)
2020-02-19 15:27:18.515  INFO 8612 --- [    Test worker] c.e.b.s.web.HelloControllerTest          : The following profiles are active: real,oauth,real-db
2020-02-19 15:27:19.449  INFO 8612 --- [    Test worker] o.s.s.concurrent.ThreadPoolTaskExecutor  : Initializing ExecutorService 'applicationTaskExecutor'
2020-02-19 15:27:19.519  INFO 8612 --- [    Test worker] o.s.b.a.w.s.WelcomePageHandlerMapping    : Adding welcome page template: index
2020-02-19 15:27:20.056  INFO 8612 --- [    Test worker] .s.s.UserDetailsServiceAutoConfiguration : 

Using generated security password: 20b00410-6491-411a-9c03-6891497aa4d3

2020-02-19 15:27:20.386  INFO 8612 --- [    Test worker] o.s.s.web.DefaultSecurityFilterChain     : Creating filter chain: any request, [org.springframework.security.web.context.request.async.WebAsyncManagerIntegrationFilter@31ada110, org.springframework.security.web.context.SecurityContextPersistenceFilter@3c370465, org.springframework.security.web.header.HeaderWriterFilter@24661a00, org.springframework.security.web.csrf.CsrfFilter@1ba2d065, org.springframework.security.web.authentication.logout.LogoutFilter@73469dd4, org.springframework.security.web.authentication.UsernamePasswordAuthenticationFilter@66931891, org.springframework.security.web.authentication.ui.DefaultLoginPageGeneratingFilter@76883f21, org.springframework.security.web.authentication.ui.DefaultLogoutPageGeneratingFilter@74e82a7a, org.springframework.security.web.authentication.www.BasicAuthenticationFilter@6fc3487e, org.springframework.security.web.savedrequest.RequestCacheAwareFilter@1da7acf1, org.springframework.security.web.servletapi.SecurityContextHolderAwareRequestFilter@985035f, org.springframework.security.web.authentication.AnonymousAuthenticationFilter@11d0c21, org.springframework.security.web.session.SessionManagementFilter@29cad711, org.springframework.security.web.access.ExceptionTranslationFilter@a456e9c, org.springframework.security.web.access.intercept.FilterSecurityInterceptor@247ca431]
2020-02-19 15:27:20.462  INFO 8612 --- [    Test worker] o.s.b.t.m.w.SpringBootMockServletContext : Initializing Spring TestDispatcherServlet ''
2020-02-19 15:27:20.463  INFO 8612 --- [    Test worker] o.s.t.web.servlet.TestDispatcherServlet  : Initializing Servlet ''
2020-02-19 15:27:20.494  INFO 8612 --- [    Test worker] o.s.t.web.servlet.TestDispatcherServlet  : Completed initialization in 30 ms
2020-02-19 15:27:20.557  INFO 8612 --- [    Test worker] c.e.b.s.web.HelloControllerTest          : Started HelloControllerTest in 2.28 seconds (JVM running for 17.592)
]]></system-out>
  <system-err><![CDATA[]]></system-err>
</testsuite>
