<?xml version="1.0" encoding="UTF-8"?>
<testsuite name="com.example.book.springboot.web.IndexControllerTest" tests="1" skipped="0" failures="0" errors="0" timestamp="2020-02-19T06:31:22" hostname="DESKTOP-IROTOQ5" time="0.397">
  <properties/>
  <testcase name="메인페이지_로딩" classname="com.example.book.springboot.web.IndexControllerTest" time="0.397"/>
  <system-out><![CDATA[2020-02-19 15:31:18.844  INFO 7892 --- [    Test worker] .b.t.c.SpringBootTestContextBootstrapper : Neither @ContextConfiguration nor @ContextHierarchy found for test class [com.example.book.springboot.web.IndexControllerTest], using SpringBootContextLoader
2020-02-19 15:31:18.845  INFO 7892 --- [    Test worker] o.s.t.c.support.AbstractContextLoader    : Could not detect default resource locations for test class [com.example.book.springboot.web.IndexControllerTest]: no resource found for suffixes {-context.xml, Context.groovy}.
2020-02-19 15:31:18.845  INFO 7892 --- [    Test worker] t.c.s.AnnotationConfigContextLoaderUtils : Could not detect default configuration classes for test class [com.example.book.springboot.web.IndexControllerTest]: IndexControllerTest does not declare any static, non-private, non-final, nested classes annotated with @Configuration.
2020-02-19 15:31:18.848  INFO 7892 --- [    Test worker] .b.t.c.SpringBootTestContextBootstrapper : Found @SpringBootConfiguration com.example.book.springboot.Application for test class com.example.book.springboot.web.IndexControllerTest
2020-02-19 15:31:18.850  INFO 7892 --- [    Test worker] .b.t.c.SpringBootTestContextBootstrapper : Loaded default TestExecutionListener class names from location [META-INF/spring.factories]: [org.springframework.security.test.context.support.WithSecurityContextTestExecutionListener, org.springframework.security.test.context.support.ReactorContextTestExecutionListener, org.springframework.boot.test.autoconfigure.restdocs.RestDocsTestExecutionListener, org.springframework.boot.test.autoconfigure.web.client.MockRestServiceServerResetTestExecutionListener, org.springframework.boot.test.autoconfigure.web.servlet.MockMvcPrintOnlyOnFailureTestExecutionListener, org.springframework.boot.test.autoconfigure.web.servlet.WebDriverTestExecutionListener, org.springframework.boot.test.mock.mockito.MockitoTestExecutionListener, org.springframework.boot.test.mock.mockito.ResetMocksTestExecutionListener, org.springframework.test.context.web.ServletTestExecutionListener, org.springframework.test.context.support.DirtiesContextBeforeModesTestExecutionListener, org.springframework.test.context.support.DependencyInjectionTestExecutionListener, org.springframework.test.context.support.DirtiesContextTestExecutionListener, org.springframework.test.context.transaction.TransactionalTestExecutionListener, org.springframework.test.context.jdbc.SqlScriptsTestExecutionListener]
2020-02-19 15:31:18.852  INFO 7892 --- [    Test worker] .b.t.c.SpringBootTestContextBootstrapper : Using TestExecutionListeners: [org.springframework.test.context.web.ServletTestExecutionListener@5726c278, org.springframework.test.context.support.DirtiesContextBeforeModesTestExecutionListener@1ffe3b51, org.springframework.boot.test.mock.mockito.MockitoTestExecutionListener@6c8af11a, org.springframework.boot.test.autoconfigure.SpringBootDependencyInjectionTestExecutionListener@1c35979a, org.springframework.test.context.support.DirtiesContextTestExecutionListener@7de1b366, org.springframework.test.context.transaction.TransactionalTestExecutionListener@132b2b38, org.springframework.test.context.jdbc.SqlScriptsTestExecutionListener@28921a66, org.springframework.security.test.context.support.WithSecurityContextTestExecutionListener@182bd1a9, org.springframework.security.test.context.support.ReactorContextTestExecutionListener@68212b49, org.springframework.boot.test.autoconfigure.restdocs.RestDocsTestExecutionListener@2299bf9e, org.springframework.boot.test.autoconfigure.web.client.MockRestServiceServerResetTestExecutionListener@1a60c081, org.springframework.boot.test.autoconfigure.web.servlet.MockMvcPrintOnlyOnFailureTestExecutionListener@5c80fcfd, org.springframework.boot.test.autoconfigure.web.servlet.WebDriverTestExecutionListener@3d9aef47, org.springframework.boot.test.mock.mockito.ResetMocksTestExecutionListener@5290c225]

  .   ____          _            __ _ _
 /\\ / ___'_ __ _ _(_)_ __  __ _ \ \ \ \
( ( )\___ | '_ | '_| | '_ \/ _` | \ \ \ \
 \\/  ___)| |_)| | | | | || (_| |  ) ) ) )
  '  |____| .__|_| |_|_| |_\__, | / / / /
 =========|_|==============|___/=/_/_/_/
 :: Spring Boot ::        (v2.1.7.RELEASE)

2020-02-19 15:31:18.979  INFO 7892 --- [    Test worker] c.e.b.s.web.IndexControllerTest          : Starting IndexControllerTest on DESKTOP-IROTOQ5 with PID 7892 (started by kimyoowan in C:\Users\kimyoowan\Desktop\web-service)
2020-02-19 15:31:18.980  INFO 7892 --- [    Test worker] c.e.b.s.web.IndexControllerTest          : The following profiles are active: real,oauth,real-db
2020-02-19 15:31:19.329  INFO 7892 --- [    Test worker] .s.d.r.c.RepositoryConfigurationDelegate : Bootstrapping Spring Data repositories in DEFAULT mode.
2020-02-19 15:31:19.375  INFO 7892 --- [    Test worker] .s.d.r.c.RepositoryConfigurationDelegate : Finished Spring Data repository scanning in 45ms. Found 2 repository interfaces.
2020-02-19 15:31:19.534  INFO 7892 --- [    Test worker] trationDelegate$BeanPostProcessorChecker : Bean 'org.springframework.transaction.annotation.ProxyTransactionManagementConfiguration' of type [org.springframework.transaction.annotation.ProxyTransactionManagementConfiguration$$EnhancerBySpringCGLIB$$436c8cce] is not eligible for getting processed by all BeanPostProcessors (for example: not eligible for auto-proxying)
2020-02-19 15:31:19.961  INFO 7892 --- [    Test worker] o.s.b.w.embedded.tomcat.TomcatWebServer  : Tomcat initialized with port(s): 0 (http)
2020-02-19 15:31:20.014  INFO 7892 --- [    Test worker] o.apache.catalina.core.StandardService   : Starting service [Tomcat]
2020-02-19 15:31:20.014  INFO 7892 --- [    Test worker] org.apache.catalina.core.StandardEngine  : Starting Servlet engine: [Apache Tomcat/9.0.22]
2020-02-19 15:31:20.307  INFO 7892 --- [    Test worker] o.a.c.c.C.[Tomcat].[localhost].[/]       : Initializing Spring embedded WebApplicationContext
2020-02-19 15:31:20.307  INFO 7892 --- [    Test worker] o.s.web.context.ContextLoader            : Root WebApplicationContext: initialization completed in 1322 ms
2020-02-19 15:31:20.637  INFO 7892 --- [    Test worker] com.zaxxer.hikari.HikariDataSource       : HikariPool-2 - Starting...
2020-02-19 15:31:20.683  INFO 7892 --- [    Test worker] com.zaxxer.hikari.HikariDataSource       : HikariPool-2 - Start completed.
2020-02-19 15:31:20.739  INFO 7892 --- [    Test worker] o.hibernate.jpa.internal.util.LogHelper  : HHH000204: Processing PersistenceUnitInfo [
	name: default
	...]
2020-02-19 15:31:20.756  INFO 7892 --- [    Test worker] org.hibernate.dialect.Dialect            : HHH000400: Using dialect: org.hibernate.dialect.MySQL5InnoDBDialect
2020-02-19 15:31:20.835  INFO 7892 --- [    Test worker] j.LocalContainerEntityManagerFactoryBean : Initialized JPA EntityManagerFactory for persistence unit 'default'
2020-02-19 15:31:21.714  INFO 7892 --- [    Test worker] o.s.s.web.DefaultSecurityFilterChain     : Creating filter chain: any request, [org.springframework.security.web.context.request.async.WebAsyncManagerIntegrationFilter@3aa2db02, org.springframework.security.web.context.SecurityContextPersistenceFilter@8318691, org.springframework.security.web.header.HeaderWriterFilter@505a8eec, org.springframework.security.web.authentication.logout.LogoutFilter@4465b9d9, org.springframework.security.oauth2.client.web.OAuth2AuthorizationRequestRedirectFilter@19d5e0d8, org.springframework.security.oauth2.client.web.OAuth2LoginAuthenticationFilter@2e556d4, org.springframework.security.web.authentication.ui.DefaultLoginPageGeneratingFilter@40e4ba5a, org.springframework.security.web.authentication.ui.DefaultLogoutPageGeneratingFilter@54be68d3, org.springframework.security.web.savedrequest.RequestCacheAwareFilter@63c94d12, org.springframework.security.web.servletapi.SecurityContextHolderAwareRequestFilter@67e09269, org.springframework.security.web.authentication.AnonymousAuthenticationFilter@625b91bc, org.springframework.security.web.session.SessionManagementFilter@6d195758, org.springframework.security.web.access.ExceptionTranslationFilter@22d9395c, org.springframework.security.web.access.intercept.FilterSecurityInterceptor@4884ced3]
2020-02-19 15:31:22.062  INFO 7892 --- [    Test worker] o.s.s.concurrent.ThreadPoolTaskExecutor  : Initializing ExecutorService 'applicationTaskExecutor'
2020-02-19 15:31:22.086  WARN 7892 --- [    Test worker] aWebConfiguration$JpaWebMvcConfiguration : spring.jpa.open-in-view is enabled by default. Therefore, database queries may be performed during view rendering. Explicitly configure spring.jpa.open-in-view to disable this warning
2020-02-19 15:31:22.131  INFO 7892 --- [    Test worker] o.s.b.a.w.s.WelcomePageHandlerMapping    : Adding welcome page template: index
2020-02-19 15:31:22.634  INFO 7892 --- [    Test worker] s.a.ScheduledAnnotationBeanPostProcessor : No TaskScheduler/ScheduledExecutorService bean found for scheduled processing
2020-02-19 15:31:22.672  INFO 7892 --- [    Test worker] o.s.b.w.embedded.tomcat.TomcatWebServer  : Tomcat started on port(s): 3725 (http) with context path ''
2020-02-19 15:31:22.673  INFO 7892 --- [    Test worker] c.e.b.s.web.IndexControllerTest          : Started IndexControllerTest in 3.819 seconds (JVM running for 19.584)
2020-02-19 15:31:22.831  INFO 7892 --- [o-auto-1-exec-1] o.a.c.c.C.[Tomcat].[localhost].[/]       : Initializing Spring DispatcherServlet 'dispatcherServlet'
2020-02-19 15:31:22.832  INFO 7892 --- [o-auto-1-exec-1] o.s.web.servlet.DispatcherServlet        : Initializing Servlet 'dispatcherServlet'
2020-02-19 15:31:22.867  INFO 7892 --- [o-auto-1-exec-1] o.s.web.servlet.DispatcherServlet        : Completed initialization in 35 ms
2020-02-19 15:31:22.927  INFO 7892 --- [o-auto-1-exec-1] o.h.h.i.QueryTranslatorFactoryInitiator  : HHH000397: Using ASTQueryTranslatorFactory
Hibernate: select posts0_.id as id1_0_, posts0_.created_date as created_2_0_, posts0_.modified_date as modified3_0_, posts0_.author as author4_0_, posts0_.content as content5_0_, posts0_.title as title6_0_ from posts posts0_ order by posts0_.id desc
]]></system-out>
  <system-err><![CDATA[]]></system-err>
</testsuite>
