<?xml version="1.0" encoding="UTF-8"?>
<testsuite name="com.example.book.springboot.web.HelloControllerTest" tests="2" skipped="0" failures="0" errors="0" timestamp="2020-02-14T07:36:54" hostname="DESKTOP-IROTOQ5" time="0.551">
  <properties/>
  <testcase name="hello가_리턴된다" classname="com.example.book.springboot.web.HelloControllerTest" time="0.431"/>
  <testcase name="helloDto가_리턴된다" classname="com.example.book.springboot.web.HelloControllerTest" time="0.117"/>
  <system-out><![CDATA[16:36:48.818 [Test worker] DEBUG org.springframework.test.context.junit4.SpringJUnit4ClassRunner - SpringJUnit4ClassRunner constructor called with [class com.example.book.springboot.web.HelloControllerTest]
16:36:48.834 [Test worker] DEBUG org.springframework.test.context.BootstrapUtils - Instantiating CacheAwareContextLoaderDelegate from class [org.springframework.test.context.cache.DefaultCacheAwareContextLoaderDelegate]
16:36:48.863 [Test worker] DEBUG org.springframework.test.context.BootstrapUtils - Instantiating BootstrapContext using constructor [public org.springframework.test.context.support.DefaultBootstrapContext(java.lang.Class,org.springframework.test.context.CacheAwareContextLoaderDelegate)]
16:36:48.897 [Test worker] DEBUG org.springframework.test.context.BootstrapUtils - Instantiating TestContextBootstrapper for test class [com.example.book.springboot.web.HelloControllerTest] from class [org.springframework.boot.test.autoconfigure.web.servlet.WebMvcTestContextBootstrapper]
16:36:48.927 [Test worker] INFO org.springframework.boot.test.autoconfigure.web.servlet.WebMvcTestContextBootstrapper - Neither @ContextConfiguration nor @ContextHierarchy found for test class [com.example.book.springboot.web.HelloControllerTest], using SpringBootContextLoader
16:36:48.932 [Test worker] DEBUG org.springframework.test.context.support.AbstractContextLoader - Did not detect default resource location for test class [com.example.book.springboot.web.HelloControllerTest]: class path resource [com/example/book/springboot/web/HelloControllerTest-context.xml] does not exist
16:36:48.933 [Test worker] DEBUG org.springframework.test.context.support.AbstractContextLoader - Did not detect default resource location for test class [com.example.book.springboot.web.HelloControllerTest]: class path resource [com/example/book/springboot/web/HelloControllerTestContext.groovy] does not exist
16:36:48.933 [Test worker] INFO org.springframework.test.context.support.AbstractContextLoader - Could not detect default resource locations for test class [com.example.book.springboot.web.HelloControllerTest]: no resource found for suffixes {-context.xml, Context.groovy}.
16:36:48.935 [Test worker] INFO org.springframework.test.context.support.AnnotationConfigContextLoaderUtils - Could not detect default configuration classes for test class [com.example.book.springboot.web.HelloControllerTest]: HelloControllerTest does not declare any static, non-private, non-final, nested classes annotated with @Configuration.
16:36:49.043 [Test worker] DEBUG org.springframework.test.context.support.ActiveProfilesUtils - Could not find an 'annotation declaring class' for annotation type [org.springframework.test.context.ActiveProfiles] and class [com.example.book.springboot.web.HelloControllerTest]
16:36:49.155 [Test worker] DEBUG org.springframework.context.annotation.ClassPathScanningCandidateComponentProvider - Identified candidate component class: file [C:\Users\kimyoowan\Desktop\web-service\build\classes\java\main\com\example\book\springboot\Application.class]
16:36:49.157 [Test worker] INFO org.springframework.boot.test.context.SpringBootTestContextBootstrapper - Found @SpringBootConfiguration com.example.book.springboot.Application for test class com.example.book.springboot.web.HelloControllerTest
16:36:49.160 [Test worker] DEBUG org.springframework.boot.test.autoconfigure.web.servlet.WebMvcTestContextBootstrapper - @TestExecutionListeners is not present for class [com.example.book.springboot.web.HelloControllerTest]: using defaults.
16:36:49.161 [Test worker] INFO org.springframework.boot.test.autoconfigure.web.servlet.WebMvcTestContextBootstrapper - Loaded default TestExecutionListener class names from location [META-INF/spring.factories]: [org.springframework.security.test.context.support.WithSecurityContextTestExecutionListener, org.springframework.security.test.context.support.ReactorContextTestExecutionListener, org.springframework.boot.test.autoconfigure.restdocs.RestDocsTestExecutionListener, org.springframework.boot.test.autoconfigure.web.client.MockRestServiceServerResetTestExecutionListener, org.springframework.boot.test.autoconfigure.web.servlet.MockMvcPrintOnlyOnFailureTestExecutionListener, org.springframework.boot.test.autoconfigure.web.servlet.WebDriverTestExecutionListener, org.springframework.boot.test.mock.mockito.MockitoTestExecutionListener, org.springframework.boot.test.mock.mockito.ResetMocksTestExecutionListener, org.springframework.test.context.web.ServletTestExecutionListener, org.springframework.test.context.support.DirtiesContextBeforeModesTestExecutionListener, org.springframework.test.context.support.DependencyInjectionTestExecutionListener, org.springframework.test.context.support.DirtiesContextTestExecutionListener, org.springframework.test.context.transaction.TransactionalTestExecutionListener, org.springframework.test.context.jdbc.SqlScriptsTestExecutionListener]
16:36:49.190 [Test worker] INFO org.springframework.boot.test.autoconfigure.web.servlet.WebMvcTestContextBootstrapper - Using TestExecutionListeners: [org.springframework.test.context.web.ServletTestExecutionListener@1bd9eec0, org.springframework.test.context.support.DirtiesContextBeforeModesTestExecutionListener@4aa4dfa9, org.springframework.boot.test.mock.mockito.MockitoTestExecutionListener@44c338a7, org.springframework.boot.test.autoconfigure.SpringBootDependencyInjectionTestExecutionListener@6af3a9ae, org.springframework.test.context.support.DirtiesContextTestExecutionListener@3e88f5de, org.springframework.test.context.transaction.TransactionalTestExecutionListener@52bd3c31, org.springframework.test.context.jdbc.SqlScriptsTestExecutionListener@fe630c1, org.springframework.security.test.context.support.WithSecurityContextTestExecutionListener@782f564a, org.springframework.security.test.context.support.ReactorContextTestExecutionListener@1707a94, org.springframework.boot.test.autoconfigure.restdocs.RestDocsTestExecutionListener@3a97923f, org.springframework.boot.test.autoconfigure.web.client.MockRestServiceServerResetTestExecutionListener@4c9dd94, org.springframework.boot.test.autoconfigure.web.servlet.MockMvcPrintOnlyOnFailureTestExecutionListener@6565641, org.springframework.boot.test.autoconfigure.web.servlet.WebDriverTestExecutionListener@47038c5, org.springframework.boot.test.mock.mockito.ResetMocksTestExecutionListener@270541e]
16:36:49.194 [Test worker] DEBUG org.springframework.test.annotation.ProfileValueUtils - Retrieved @ProfileValueSourceConfiguration [null] for test class [com.example.book.springboot.web.HelloControllerTest]
16:36:49.195 [Test worker] DEBUG org.springframework.test.annotation.ProfileValueUtils - Retrieved ProfileValueSource type [class org.springframework.test.annotation.SystemProfileValueSource] for class [com.example.book.springboot.web.HelloControllerTest]
16:36:49.196 [Test worker] DEBUG org.springframework.test.annotation.ProfileValueUtils - Retrieved @ProfileValueSourceConfiguration [null] for test class [com.example.book.springboot.web.HelloControllerTest]
16:36:49.196 [Test worker] DEBUG org.springframework.test.annotation.ProfileValueUtils - Retrieved ProfileValueSource type [class org.springframework.test.annotation.SystemProfileValueSource] for class [com.example.book.springboot.web.HelloControllerTest]
16:36:49.203 [Test worker] DEBUG org.springframework.test.context.support.AbstractDirtiesContextTestExecutionListener - Before test class: context [DefaultTestContext@465bfb62 testClass = HelloControllerTest, testInstance = [null], testMethod = [null], testException = [null], mergedContextConfiguration = [WebMergedContextConfiguration@1f711717 testClass = HelloControllerTest, locations = '{}', classes = '{class com.example.book.springboot.Application}', contextInitializerClasses = '[]', activeProfiles = '{}', propertySourceLocations = '{}', propertySourceProperties = '{org.springframework.boot.test.autoconfigure.web.servlet.WebMvcTestContextBootstrapper=true}', contextCustomizers = set[org.springframework.boot.test.autoconfigure.OverrideAutoConfigurationContextCustomizerFactory$DisableAutoConfigurationContextCustomizer@4db157b2, org.springframework.boot.test.autoconfigure.filter.TypeExcludeFiltersContextCustomizer@6b1a2db2, org.springframework.boot.test.autoconfigure.properties.PropertyMappingContextCustomizer@d6a51838, org.springframework.boot.test.autoconfigure.web.servlet.WebDriverContextCustomizerFactory$Customizer@7e5314e4, [ImportsContextCustomizer@16898d98 key = [org.springframework.boot.autoconfigure.cache.CacheAutoConfiguration, org.springframework.boot.autoconfigure.context.MessageSourceAutoConfiguration, org.springframework.boot.autoconfigure.data.web.SpringDataWebAutoConfiguration, org.springframework.boot.autoconfigure.freemarker.FreeMarkerAutoConfiguration, org.springframework.boot.autoconfigure.groovy.template.GroovyTemplateAutoConfiguration, org.springframework.boot.autoconfigure.gson.GsonAutoConfiguration, org.springframework.boot.autoconfigure.hateoas.HypermediaAutoConfiguration, org.springframework.boot.autoconfigure.http.HttpMessageConvertersAutoConfiguration, org.springframework.boot.autoconfigure.jackson.JacksonAutoConfiguration, org.springframework.boot.autoconfigure.jsonb.JsonbAutoConfiguration, org.springframework.boot.autoconfigure.mustache.MustacheAutoConfiguration, org.springframework.boot.autoconfigure.task.TaskExecutionAutoConfiguration, org.springframework.boot.autoconfigure.thymeleaf.ThymeleafAutoConfiguration, org.springframework.boot.autoconfigure.validation.ValidationAutoConfiguration, org.springframework.boot.autoconfigure.web.servlet.error.ErrorMvcAutoConfiguration, org.springframework.boot.autoconfigure.web.servlet.WebMvcAutoConfiguration, org.springframework.boot.test.autoconfigure.web.servlet.MockMvcAutoConfiguration, org.springframework.boot.test.autoconfigure.web.servlet.MockMvcSecurityAutoConfiguration, org.springframework.boot.test.autoconfigure.web.servlet.MockMvcWebClientAutoConfiguration, org.springframework.boot.test.autoconfigure.web.servlet.MockMvcWebDriverAutoConfiguration]], org.springframework.boot.test.context.filter.ExcludeFilterContextCustomizer@f33bd02, org.springframework.boot.test.json.DuplicateJsonObjectContextCustomizerFactory$DuplicateJsonObjectContextCustomizer@71cbc30d, org.springframework.boot.test.mock.mockito.MockitoContextCustomizer@0], resourceBasePath = 'src/main/webapp', contextLoader = 'org.springframework.boot.test.context.SpringBootContextLoader', parent = [null]], attributes = map[[empty]]], class annotated with @DirtiesContext [false] with mode [null].
16:36:49.205 [Test worker] DEBUG org.springframework.test.annotation.ProfileValueUtils - Retrieved @ProfileValueSourceConfiguration [null] for test class [com.example.book.springboot.web.HelloControllerTest]
16:36:49.205 [Test worker] DEBUG org.springframework.test.annotation.ProfileValueUtils - Retrieved ProfileValueSource type [class org.springframework.test.annotation.SystemProfileValueSource] for class [com.example.book.springboot.web.HelloControllerTest]
16:36:49.213 [Test worker] DEBUG org.springframework.test.context.support.DependencyInjectionTestExecutionListener - Performing dependency injection for test context [[DefaultTestContext@465bfb62 testClass = HelloControllerTest, testInstance = com.example.book.springboot.web.HelloControllerTest@3aa726f8, testMethod = [null], testException = [null], mergedContextConfiguration = [WebMergedContextConfiguration@1f711717 testClass = HelloControllerTest, locations = '{}', classes = '{class com.example.book.springboot.Application}', contextInitializerClasses = '[]', activeProfiles = '{}', propertySourceLocations = '{}', propertySourceProperties = '{org.springframework.boot.test.autoconfigure.web.servlet.WebMvcTestContextBootstrapper=true}', contextCustomizers = set[org.springframework.boot.test.autoconfigure.OverrideAutoConfigurationContextCustomizerFactory$DisableAutoConfigurationContextCustomizer@4db157b2, org.springframework.boot.test.autoconfigure.filter.TypeExcludeFiltersContextCustomizer@6b1a2db2, org.springframework.boot.test.autoconfigure.properties.PropertyMappingContextCustomizer@d6a51838, org.springframework.boot.test.autoconfigure.web.servlet.WebDriverContextCustomizerFactory$Customizer@7e5314e4, [ImportsContextCustomizer@16898d98 key = [org.springframework.boot.autoconfigure.cache.CacheAutoConfiguration, org.springframework.boot.autoconfigure.context.MessageSourceAutoConfiguration, org.springframework.boot.autoconfigure.data.web.SpringDataWebAutoConfiguration, org.springframework.boot.autoconfigure.freemarker.FreeMarkerAutoConfiguration, org.springframework.boot.autoconfigure.groovy.template.GroovyTemplateAutoConfiguration, org.springframework.boot.autoconfigure.gson.GsonAutoConfiguration, org.springframework.boot.autoconfigure.hateoas.HypermediaAutoConfiguration, org.springframework.boot.autoconfigure.http.HttpMessageConvertersAutoConfiguration, org.springframework.boot.autoconfigure.jackson.JacksonAutoConfiguration, org.springframework.boot.autoconfigure.jsonb.JsonbAutoConfiguration, org.springframework.boot.autoconfigure.mustache.MustacheAutoConfiguration, org.springframework.boot.autoconfigure.task.TaskExecutionAutoConfiguration, org.springframework.boot.autoconfigure.thymeleaf.ThymeleafAutoConfiguration, org.springframework.boot.autoconfigure.validation.ValidationAutoConfiguration, org.springframework.boot.autoconfigure.web.servlet.error.ErrorMvcAutoConfiguration, org.springframework.boot.autoconfigure.web.servlet.WebMvcAutoConfiguration, org.springframework.boot.test.autoconfigure.web.servlet.MockMvcAutoConfiguration, org.springframework.boot.test.autoconfigure.web.servlet.MockMvcSecurityAutoConfiguration, org.springframework.boot.test.autoconfigure.web.servlet.MockMvcWebClientAutoConfiguration, org.springframework.boot.test.autoconfigure.web.servlet.MockMvcWebDriverAutoConfiguration]], org.springframework.boot.test.context.filter.ExcludeFilterContextCustomizer@f33bd02, org.springframework.boot.test.json.DuplicateJsonObjectContextCustomizerFactory$DuplicateJsonObjectContextCustomizer@71cbc30d, org.springframework.boot.test.mock.mockito.MockitoContextCustomizer@0], resourceBasePath = 'src/main/webapp', contextLoader = 'org.springframework.boot.test.context.SpringBootContextLoader', parent = [null]], attributes = map[[empty]]]].
16:36:49.421 [Test worker] DEBUG org.springframework.test.context.support.TestPropertySourceUtils - Adding inlined properties to environment: {spring.jmx.enabled=false, org.springframework.boot.test.autoconfigure.web.servlet.WebMvcTestContextBootstrapper=true, server.port=-1}

  .   ____          _            __ _ _
 /\\ / ___'_ __ _ _(_)_ __  __ _ \ \ \ \
( ( )\___ | '_ | '_| | '_ \/ _` | \ \ \ \
 \\/  ___)| |_)| | | | | || (_| |  ) ) ) )
  '  |____| .__|_| |_|_| |_\__, | / / / /
 =========|_|==============|___/=/_/_/_/
 :: Spring Boot ::        (v2.1.7.RELEASE)

2020-02-14 16:36:49.901  INFO 8212 --- [    Test worker] c.e.b.s.web.HelloControllerTest          : Starting HelloControllerTest on DESKTOP-IROTOQ5 with PID 8212 (started by kimyoowan in C:\Users\kimyoowan\Desktop\web-service)
2020-02-14 16:36:49.903  INFO 8212 --- [    Test worker] c.e.b.s.web.HelloControllerTest          : The following profiles are active: oauth
2020-02-14 16:36:52.658  INFO 8212 --- [    Test worker] o.s.s.concurrent.ThreadPoolTaskExecutor  : Initializing ExecutorService 'applicationTaskExecutor'
2020-02-14 16:36:52.821  INFO 8212 --- [    Test worker] o.s.b.a.w.s.WelcomePageHandlerMapping    : Adding welcome page template: index
2020-02-14 16:36:53.394  INFO 8212 --- [    Test worker] .s.s.UserDetailsServiceAutoConfiguration : 

Using generated security password: c3e04502-4e7d-4426-a025-99564ea69809

2020-02-14 16:36:53.922  INFO 8212 --- [    Test worker] o.s.s.web.DefaultSecurityFilterChain     : Creating filter chain: any request, [org.springframework.security.web.context.request.async.WebAsyncManagerIntegrationFilter@4c62df3, org.springframework.security.web.context.SecurityContextPersistenceFilter@6ace74a1, org.springframework.security.web.header.HeaderWriterFilter@5604a7ad, org.springframework.security.web.csrf.CsrfFilter@71a75040, org.springframework.security.web.authentication.logout.LogoutFilter@4580677d, org.springframework.security.web.authentication.UsernamePasswordAuthenticationFilter@4e898963, org.springframework.security.web.authentication.ui.DefaultLoginPageGeneratingFilter@3e04c3c0, org.springframework.security.web.authentication.ui.DefaultLogoutPageGeneratingFilter@2e2f0fdd, org.springframework.security.web.authentication.www.BasicAuthenticationFilter@5e8e1a3f, org.springframework.security.web.savedrequest.RequestCacheAwareFilter@9944e07, org.springframework.security.web.servletapi.SecurityContextHolderAwareRequestFilter@26e9f537, org.springframework.security.web.authentication.AnonymousAuthenticationFilter@244c16b0, org.springframework.security.web.session.SessionManagementFilter@3e7cab79, org.springframework.security.web.access.ExceptionTranslationFilter@19434b38, org.springframework.security.web.access.intercept.FilterSecurityInterceptor@11b9cd2b]
2020-02-14 16:36:54.069  INFO 8212 --- [    Test worker] o.s.b.t.m.w.SpringBootMockServletContext : Initializing Spring TestDispatcherServlet ''
2020-02-14 16:36:54.070  INFO 8212 --- [    Test worker] o.s.t.web.servlet.TestDispatcherServlet  : Initializing Servlet ''
2020-02-14 16:36:54.091  INFO 8212 --- [    Test worker] o.s.t.web.servlet.TestDispatcherServlet  : Completed initialization in 21 ms
2020-02-14 16:36:54.169  INFO 8212 --- [    Test worker] c.e.b.s.web.HelloControllerTest          : Started HelloControllerTest in 4.734 seconds (JVM running for 7.21)
]]></system-out>
  <system-err><![CDATA[]]></system-err>
</testsuite>
