<?xml version="1.0" encoding="UTF-8"?>
<testsuite name="com.example.book.springboot.web.IndexControllerTest" tests="1" skipped="0" failures="0" errors="0" timestamp="2020-02-14T10:49:37" hostname="DESKTOP-IROTOQ5" time="0.389">
  <properties/>
  <testcase name="메인페이지_로딩" classname="com.example.book.springboot.web.IndexControllerTest" time="0.389"/>
  <system-out><![CDATA[2020-02-14 19:49:33.495  INFO 10496 --- [    Test worker] .b.t.c.SpringBootTestContextBootstrapper : Neither @ContextConfiguration nor @ContextHierarchy found for test class [com.example.book.springboot.web.IndexControllerTest], using SpringBootContextLoader
2020-02-14 19:49:33.496  INFO 10496 --- [    Test worker] o.s.t.c.support.AbstractContextLoader    : Could not detect default resource locations for test class [com.example.book.springboot.web.IndexControllerTest]: no resource found for suffixes {-context.xml, Context.groovy}.
2020-02-14 19:49:33.497  INFO 10496 --- [    Test worker] t.c.s.AnnotationConfigContextLoaderUtils : Could not detect default configuration classes for test class [com.example.book.springboot.web.IndexControllerTest]: IndexControllerTest does not declare any static, non-private, non-final, nested classes annotated with @Configuration.
2020-02-14 19:49:33.499  INFO 10496 --- [    Test worker] .b.t.c.SpringBootTestContextBootstrapper : Found @SpringBootConfiguration com.example.book.springboot.Application for test class com.example.book.springboot.web.IndexControllerTest
2020-02-14 19:49:33.501  INFO 10496 --- [    Test worker] .b.t.c.SpringBootTestContextBootstrapper : Loaded default TestExecutionListener class names from location [META-INF/spring.factories]: [org.springframework.security.test.context.support.WithSecurityContextTestExecutionListener, org.springframework.security.test.context.support.ReactorContextTestExecutionListener, org.springframework.boot.test.autoconfigure.restdocs.RestDocsTestExecutionListener, org.springframework.boot.test.autoconfigure.web.client.MockRestServiceServerResetTestExecutionListener, org.springframework.boot.test.autoconfigure.web.servlet.MockMvcPrintOnlyOnFailureTestExecutionListener, org.springframework.boot.test.autoconfigure.web.servlet.WebDriverTestExecutionListener, org.springframework.boot.test.mock.mockito.MockitoTestExecutionListener, org.springframework.boot.test.mock.mockito.ResetMocksTestExecutionListener, org.springframework.test.context.web.ServletTestExecutionListener, org.springframework.test.context.support.DirtiesContextBeforeModesTestExecutionListener, org.springframework.test.context.support.DependencyInjectionTestExecutionListener, org.springframework.test.context.support.DirtiesContextTestExecutionListener, org.springframework.test.context.transaction.TransactionalTestExecutionListener, org.springframework.test.context.jdbc.SqlScriptsTestExecutionListener]
2020-02-14 19:49:33.504  INFO 10496 --- [    Test worker] .b.t.c.SpringBootTestContextBootstrapper : Using TestExecutionListeners: [org.springframework.test.context.web.ServletTestExecutionListener@6485818f, org.springframework.test.context.support.DirtiesContextBeforeModesTestExecutionListener@348d97f6, org.springframework.boot.test.mock.mockito.MockitoTestExecutionListener@19bbdfba, org.springframework.boot.test.autoconfigure.SpringBootDependencyInjectionTestExecutionListener@4a31de1, org.springframework.test.context.support.DirtiesContextTestExecutionListener@4ce26d03, org.springframework.test.context.transaction.TransactionalTestExecutionListener@1408614e, org.springframework.test.context.jdbc.SqlScriptsTestExecutionListener@53092a7a, org.springframework.security.test.context.support.WithSecurityContextTestExecutionListener@4f5979ef, org.springframework.security.test.context.support.ReactorContextTestExecutionListener@100c8f72, org.springframework.boot.test.autoconfigure.restdocs.RestDocsTestExecutionListener@47598e2c, org.springframework.boot.test.autoconfigure.web.client.MockRestServiceServerResetTestExecutionListener@5d193647, org.springframework.boot.test.autoconfigure.web.servlet.MockMvcPrintOnlyOnFailureTestExecutionListener@590bba0a, org.springframework.boot.test.autoconfigure.web.servlet.WebDriverTestExecutionListener@2d88d946, org.springframework.boot.test.mock.mockito.ResetMocksTestExecutionListener@26ab0a35]

  .   ____          _            __ _ _
 /\\ / ___'_ __ _ _(_)_ __  __ _ \ \ \ \
( ( )\___ | '_ | '_| | '_ \/ _` | \ \ \ \
 \\/  ___)| |_)| | | | | || (_| |  ) ) ) )
  '  |____| .__|_| |_|_| |_\__, | / / / /
 =========|_|==============|___/=/_/_/_/
 :: Spring Boot ::        (v2.1.7.RELEASE)

2020-02-14 19:49:33.589  INFO 10496 --- [    Test worker] c.e.b.s.web.IndexControllerTest          : Starting IndexControllerTest on DESKTOP-IROTOQ5 with PID 10496 (started by kimyoowan in C:\Users\kimyoowan\Desktop\web-service)
2020-02-14 19:49:33.590  INFO 10496 --- [    Test worker] c.e.b.s.web.IndexControllerTest          : The following profiles are active: oauth
2020-02-14 19:49:33.926  INFO 10496 --- [    Test worker] .s.d.r.c.RepositoryConfigurationDelegate : Bootstrapping Spring Data repositories in DEFAULT mode.
2020-02-14 19:49:33.968  INFO 10496 --- [    Test worker] .s.d.r.c.RepositoryConfigurationDelegate : Finished Spring Data repository scanning in 42ms. Found 2 repository interfaces.
2020-02-14 19:49:34.145  INFO 10496 --- [    Test worker] trationDelegate$BeanPostProcessorChecker : Bean 'org.springframework.transaction.annotation.ProxyTransactionManagementConfiguration' of type [org.springframework.transaction.annotation.ProxyTransactionManagementConfiguration$$EnhancerBySpringCGLIB$$7020ec17] is not eligible for getting processed by all BeanPostProcessors (for example: not eligible for auto-proxying)
2020-02-14 19:49:34.634  INFO 10496 --- [    Test worker] o.s.b.w.embedded.tomcat.TomcatWebServer  : Tomcat initialized with port(s): 0 (http)
2020-02-14 19:49:34.674  INFO 10496 --- [    Test worker] o.apache.catalina.core.StandardService   : Starting service [Tomcat]
2020-02-14 19:49:34.674  INFO 10496 --- [    Test worker] org.apache.catalina.core.StandardEngine  : Starting Servlet engine: [Apache Tomcat/9.0.22]
2020-02-14 19:49:35.002  INFO 10496 --- [    Test worker] o.a.c.c.C.[Tomcat].[localhost].[/]       : Initializing Spring embedded WebApplicationContext
2020-02-14 19:49:35.002  INFO 10496 --- [    Test worker] o.s.web.context.ContextLoader            : Root WebApplicationContext: initialization completed in 1409 ms
2020-02-14 19:49:35.328  INFO 10496 --- [    Test worker] com.zaxxer.hikari.HikariDataSource       : HikariPool-2 - Starting...
2020-02-14 19:49:35.330  INFO 10496 --- [    Test worker] com.zaxxer.hikari.HikariDataSource       : HikariPool-2 - Start completed.
2020-02-14 19:49:35.393  INFO 10496 --- [    Test worker] o.hibernate.jpa.internal.util.LogHelper  : HHH000204: Processing PersistenceUnitInfo [
	name: default
	...]
2020-02-14 19:49:35.408  INFO 10496 --- [    Test worker] org.hibernate.dialect.Dialect            : HHH000400: Using dialect: org.hibernate.dialect.MySQL5InnoDBDialect
Hibernate: drop table if exists posts
Hibernate: drop table if exists user
Hibernate: create table posts (id bigint not null auto_increment, created_date datetime, modified_date datetime, author varchar(255), content TEXT not null, title varchar(500) not null, primary key (id)) engine=InnoDB
Hibernate: create table user (id bigint not null auto_increment, created_date datetime, modified_date datetime, email varchar(255) not null, name varchar(255) not null, picture varchar(255), role varchar(255) not null, primary key (id)) engine=InnoDB
2020-02-14 19:49:35.496  INFO 10496 --- [    Test worker] o.h.t.schema.internal.SchemaCreatorImpl  : HHH000476: Executing import script 'org.hibernate.tool.schema.internal.exec.ScriptSourceInputNonExistentImpl@5513cafd'
2020-02-14 19:49:35.496  INFO 10496 --- [    Test worker] j.LocalContainerEntityManagerFactoryBean : Initialized JPA EntityManagerFactory for persistence unit 'default'
2020-02-14 19:49:36.322  INFO 10496 --- [    Test worker] o.s.s.web.DefaultSecurityFilterChain     : Creating filter chain: any request, [org.springframework.security.web.context.request.async.WebAsyncManagerIntegrationFilter@47b27608, org.springframework.security.web.context.SecurityContextPersistenceFilter@4c3137eb, org.springframework.security.web.header.HeaderWriterFilter@7a8a0ec8, org.springframework.security.web.authentication.logout.LogoutFilter@2b39e6d0, org.springframework.security.oauth2.client.web.OAuth2AuthorizationRequestRedirectFilter@79771f25, org.springframework.security.oauth2.client.web.OAuth2LoginAuthenticationFilter@1595a314, org.springframework.security.web.authentication.ui.DefaultLoginPageGeneratingFilter@6e720a9a, org.springframework.security.web.authentication.ui.DefaultLogoutPageGeneratingFilter@623b02ea, org.springframework.security.web.savedrequest.RequestCacheAwareFilter@2c4c1a50, org.springframework.security.web.servletapi.SecurityContextHolderAwareRequestFilter@61abd5f, org.springframework.security.web.authentication.AnonymousAuthenticationFilter@23f4a7bf, org.springframework.security.web.session.SessionManagementFilter@1fd3fb1, org.springframework.security.web.access.ExceptionTranslationFilter@6c519984, org.springframework.security.web.access.intercept.FilterSecurityInterceptor@76aa60d4]
2020-02-14 19:49:36.682  INFO 10496 --- [    Test worker] o.s.s.concurrent.ThreadPoolTaskExecutor  : Initializing ExecutorService 'applicationTaskExecutor'
2020-02-14 19:49:36.700  WARN 10496 --- [    Test worker] aWebConfiguration$JpaWebMvcConfiguration : spring.jpa.open-in-view is enabled by default. Therefore, database queries may be performed during view rendering. Explicitly configure spring.jpa.open-in-view to disable this warning
2020-02-14 19:49:36.746  INFO 10496 --- [    Test worker] o.s.b.a.w.s.WelcomePageHandlerMapping    : Adding welcome page template: index
2020-02-14 19:49:37.284  INFO 10496 --- [    Test worker] s.a.ScheduledAnnotationBeanPostProcessor : No TaskScheduler/ScheduledExecutorService bean found for scheduled processing
2020-02-14 19:49:37.317  INFO 10496 --- [    Test worker] o.s.b.w.embedded.tomcat.TomcatWebServer  : Tomcat started on port(s): 5289 (http) with context path ''
2020-02-14 19:49:37.318  INFO 10496 --- [    Test worker] c.e.b.s.web.IndexControllerTest          : Started IndexControllerTest in 3.811 seconds (JVM running for 20.237)
2020-02-14 19:49:37.517  INFO 10496 --- [o-auto-1-exec-1] o.a.c.c.C.[Tomcat].[localhost].[/]       : Initializing Spring DispatcherServlet 'dispatcherServlet'
2020-02-14 19:49:37.518  INFO 10496 --- [o-auto-1-exec-1] o.s.web.servlet.DispatcherServlet        : Initializing Servlet 'dispatcherServlet'
2020-02-14 19:49:37.559  INFO 10496 --- [o-auto-1-exec-1] o.s.web.servlet.DispatcherServlet        : Completed initialization in 41 ms
2020-02-14 19:49:37.630  INFO 10496 --- [o-auto-1-exec-1] o.h.h.i.QueryTranslatorFactoryInitiator  : HHH000397: Using ASTQueryTranslatorFactory
Hibernate: select posts0_.id as id1_0_, posts0_.created_date as created_2_0_, posts0_.modified_date as modified3_0_, posts0_.author as author4_0_, posts0_.content as content5_0_, posts0_.title as title6_0_ from posts posts0_ order by posts0_.id desc
]]></system-out>
  <system-err><![CDATA[]]></system-err>
</testsuite>
