<?xml version="1.0" encoding="UTF-8"?>
<testsuite name="com.example.book.springboot.web.IndexControllerTest" tests="1" skipped="0" failures="0" errors="0" timestamp="2020-02-14T07:37:07" hostname="DESKTOP-IROTOQ5" time="0.289">
  <properties/>
  <testcase name="메인페이지_로딩" classname="com.example.book.springboot.web.IndexControllerTest" time="0.289"/>
  <system-out><![CDATA[2020-02-14 16:37:03.314  INFO 8212 --- [    Test worker] .b.t.c.SpringBootTestContextBootstrapper : Neither @ContextConfiguration nor @ContextHierarchy found for test class [com.example.book.springboot.web.IndexControllerTest], using SpringBootContextLoader
2020-02-14 16:37:03.319  INFO 8212 --- [    Test worker] o.s.t.c.support.AbstractContextLoader    : Could not detect default resource locations for test class [com.example.book.springboot.web.IndexControllerTest]: no resource found for suffixes {-context.xml, Context.groovy}.
2020-02-14 16:37:03.320  INFO 8212 --- [    Test worker] t.c.s.AnnotationConfigContextLoaderUtils : Could not detect default configuration classes for test class [com.example.book.springboot.web.IndexControllerTest]: IndexControllerTest does not declare any static, non-private, non-final, nested classes annotated with @Configuration.
2020-02-14 16:37:03.322  INFO 8212 --- [    Test worker] .b.t.c.SpringBootTestContextBootstrapper : Found @SpringBootConfiguration com.example.book.springboot.Application for test class com.example.book.springboot.web.IndexControllerTest
2020-02-14 16:37:03.325  INFO 8212 --- [    Test worker] .b.t.c.SpringBootTestContextBootstrapper : Loaded default TestExecutionListener class names from location [META-INF/spring.factories]: [org.springframework.security.test.context.support.WithSecurityContextTestExecutionListener, org.springframework.security.test.context.support.ReactorContextTestExecutionListener, org.springframework.boot.test.autoconfigure.restdocs.RestDocsTestExecutionListener, org.springframework.boot.test.autoconfigure.web.client.MockRestServiceServerResetTestExecutionListener, org.springframework.boot.test.autoconfigure.web.servlet.MockMvcPrintOnlyOnFailureTestExecutionListener, org.springframework.boot.test.autoconfigure.web.servlet.WebDriverTestExecutionListener, org.springframework.boot.test.mock.mockito.MockitoTestExecutionListener, org.springframework.boot.test.mock.mockito.ResetMocksTestExecutionListener, org.springframework.test.context.web.ServletTestExecutionListener, org.springframework.test.context.support.DirtiesContextBeforeModesTestExecutionListener, org.springframework.test.context.support.DependencyInjectionTestExecutionListener, org.springframework.test.context.support.DirtiesContextTestExecutionListener, org.springframework.test.context.transaction.TransactionalTestExecutionListener, org.springframework.test.context.jdbc.SqlScriptsTestExecutionListener]
2020-02-14 16:37:03.326  INFO 8212 --- [    Test worker] .b.t.c.SpringBootTestContextBootstrapper : Using TestExecutionListeners: [org.springframework.test.context.web.ServletTestExecutionListener@19264bdb, org.springframework.test.context.support.DirtiesContextBeforeModesTestExecutionListener@f74dfdf, org.springframework.boot.test.mock.mockito.MockitoTestExecutionListener@76a5057f, org.springframework.boot.test.autoconfigure.SpringBootDependencyInjectionTestExecutionListener@4924586c, org.springframework.test.context.support.DirtiesContextTestExecutionListener@6277aa00, org.springframework.test.context.transaction.TransactionalTestExecutionListener@4bd41bb6, org.springframework.test.context.jdbc.SqlScriptsTestExecutionListener@1504714e, org.springframework.security.test.context.support.WithSecurityContextTestExecutionListener@7e08bcba, org.springframework.security.test.context.support.ReactorContextTestExecutionListener@21703ed1, org.springframework.boot.test.autoconfigure.restdocs.RestDocsTestExecutionListener@4a1298e2, org.springframework.boot.test.autoconfigure.web.client.MockRestServiceServerResetTestExecutionListener@7c2a1eef, org.springframework.boot.test.autoconfigure.web.servlet.MockMvcPrintOnlyOnFailureTestExecutionListener@47fc80bc, org.springframework.boot.test.autoconfigure.web.servlet.WebDriverTestExecutionListener@67daa824, org.springframework.boot.test.mock.mockito.ResetMocksTestExecutionListener@39d1f9b5]

  .   ____          _            __ _ _
 /\\ / ___'_ __ _ _(_)_ __  __ _ \ \ \ \
( ( )\___ | '_ | '_| | '_ \/ _` | \ \ \ \
 \\/  ___)| |_)| | | | | || (_| |  ) ) ) )
  '  |____| .__|_| |_|_| |_\__, | / / / /
 =========|_|==============|___/=/_/_/_/
 :: Spring Boot ::        (v2.1.7.RELEASE)

2020-02-14 16:37:03.441  INFO 8212 --- [    Test worker] c.e.b.s.web.IndexControllerTest          : Starting IndexControllerTest on DESKTOP-IROTOQ5 with PID 8212 (started by kimyoowan in C:\Users\kimyoowan\Desktop\web-service)
2020-02-14 16:37:03.442  INFO 8212 --- [    Test worker] c.e.b.s.web.IndexControllerTest          : The following profiles are active: oauth
2020-02-14 16:37:03.921  INFO 8212 --- [    Test worker] .s.d.r.c.RepositoryConfigurationDelegate : Bootstrapping Spring Data repositories in DEFAULT mode.
2020-02-14 16:37:03.965  INFO 8212 --- [    Test worker] .s.d.r.c.RepositoryConfigurationDelegate : Finished Spring Data repository scanning in 44ms. Found 2 repository interfaces.
2020-02-14 16:37:04.142  INFO 8212 --- [    Test worker] trationDelegate$BeanPostProcessorChecker : Bean 'org.springframework.transaction.annotation.ProxyTransactionManagementConfiguration' of type [org.springframework.transaction.annotation.ProxyTransactionManagementConfiguration$$EnhancerBySpringCGLIB$$a8de3cc4] is not eligible for getting processed by all BeanPostProcessors (for example: not eligible for auto-proxying)
2020-02-14 16:37:04.605  INFO 8212 --- [    Test worker] o.s.b.w.embedded.tomcat.TomcatWebServer  : Tomcat initialized with port(s): 0 (http)
2020-02-14 16:37:04.652  INFO 8212 --- [    Test worker] o.apache.catalina.core.StandardService   : Starting service [Tomcat]
2020-02-14 16:37:04.652  INFO 8212 --- [    Test worker] org.apache.catalina.core.StandardEngine  : Starting Servlet engine: [Apache Tomcat/9.0.22]
2020-02-14 16:37:04.922  INFO 8212 --- [    Test worker] o.a.c.c.C.[Tomcat].[localhost].[/]       : Initializing Spring embedded WebApplicationContext
2020-02-14 16:37:04.923  INFO 8212 --- [    Test worker] o.s.web.context.ContextLoader            : Root WebApplicationContext: initialization completed in 1476 ms
2020-02-14 16:37:05.283  INFO 8212 --- [    Test worker] com.zaxxer.hikari.HikariDataSource       : HikariPool-2 - Starting...
2020-02-14 16:37:05.285  INFO 8212 --- [    Test worker] com.zaxxer.hikari.HikariDataSource       : HikariPool-2 - Start completed.
2020-02-14 16:37:05.406  INFO 8212 --- [    Test worker] o.hibernate.jpa.internal.util.LogHelper  : HHH000204: Processing PersistenceUnitInfo [
	name: default
	...]
2020-02-14 16:37:05.424  INFO 8212 --- [    Test worker] org.hibernate.dialect.Dialect            : HHH000400: Using dialect: org.hibernate.dialect.MySQL5InnoDBDialect
Hibernate: drop table if exists posts
Hibernate: drop table if exists user
Hibernate: create table posts (id bigint not null auto_increment, created_date datetime, modified_date datetime, author varchar(255), content TEXT not null, title varchar(500) not null, primary key (id)) engine=InnoDB
Hibernate: create table user (id bigint not null auto_increment, created_date datetime, modified_date datetime, email varchar(255) not null, name varchar(255) not null, picture varchar(255), role varchar(255) not null, primary key (id)) engine=InnoDB
2020-02-14 16:37:05.517  INFO 8212 --- [    Test worker] o.h.t.schema.internal.SchemaCreatorImpl  : HHH000476: Executing import script 'org.hibernate.tool.schema.internal.exec.ScriptSourceInputNonExistentImpl@23e7c4f8'
2020-02-14 16:37:05.517  INFO 8212 --- [    Test worker] j.LocalContainerEntityManagerFactoryBean : Initialized JPA EntityManagerFactory for persistence unit 'default'
2020-02-14 16:37:06.371  INFO 8212 --- [    Test worker] o.s.s.web.DefaultSecurityFilterChain     : Creating filter chain: any request, [org.springframework.security.web.context.request.async.WebAsyncManagerIntegrationFilter@60441ab3, org.springframework.security.web.context.SecurityContextPersistenceFilter@117ceb48, org.springframework.security.web.header.HeaderWriterFilter@10f7f42a, org.springframework.security.web.authentication.logout.LogoutFilter@4becea45, org.springframework.security.oauth2.client.web.OAuth2AuthorizationRequestRedirectFilter@5299d00, org.springframework.security.oauth2.client.web.OAuth2LoginAuthenticationFilter@9b36694, org.springframework.security.web.authentication.ui.DefaultLoginPageGeneratingFilter@3dbc7011, org.springframework.security.web.authentication.ui.DefaultLogoutPageGeneratingFilter@6e4717e0, org.springframework.security.web.savedrequest.RequestCacheAwareFilter@27e4259b, org.springframework.security.web.servletapi.SecurityContextHolderAwareRequestFilter@81dd3e9, org.springframework.security.web.authentication.AnonymousAuthenticationFilter@274f46b5, org.springframework.security.web.session.SessionManagementFilter@23e2cedd, org.springframework.security.web.access.ExceptionTranslationFilter@423e820e, org.springframework.security.web.access.intercept.FilterSecurityInterceptor@53aba4c7]
2020-02-14 16:37:06.693  INFO 8212 --- [    Test worker] o.s.s.concurrent.ThreadPoolTaskExecutor  : Initializing ExecutorService 'applicationTaskExecutor'
2020-02-14 16:37:06.713  WARN 8212 --- [    Test worker] aWebConfiguration$JpaWebMvcConfiguration : spring.jpa.open-in-view is enabled by default. Therefore, database queries may be performed during view rendering. Explicitly configure spring.jpa.open-in-view to disable this warning
2020-02-14 16:37:06.753  INFO 8212 --- [    Test worker] o.s.b.a.w.s.WelcomePageHandlerMapping    : Adding welcome page template: index
2020-02-14 16:37:07.201  INFO 8212 --- [    Test worker] s.a.ScheduledAnnotationBeanPostProcessor : No TaskScheduler/ScheduledExecutorService bean found for scheduled processing
2020-02-14 16:37:07.231  INFO 8212 --- [    Test worker] o.s.b.w.embedded.tomcat.TomcatWebServer  : Tomcat started on port(s): 3409 (http) with context path ''
2020-02-14 16:37:07.232  INFO 8212 --- [    Test worker] c.e.b.s.web.IndexControllerTest          : Started IndexControllerTest in 3.904 seconds (JVM running for 20.273)
2020-02-14 16:37:07.369  INFO 8212 --- [o-auto-1-exec-1] o.a.c.c.C.[Tomcat].[localhost].[/]       : Initializing Spring DispatcherServlet 'dispatcherServlet'
2020-02-14 16:37:07.369  INFO 8212 --- [o-auto-1-exec-1] o.s.web.servlet.DispatcherServlet        : Initializing Servlet 'dispatcherServlet'
2020-02-14 16:37:07.398  INFO 8212 --- [o-auto-1-exec-1] o.s.web.servlet.DispatcherServlet        : Completed initialization in 29 ms
2020-02-14 16:37:07.447  INFO 8212 --- [o-auto-1-exec-1] o.h.h.i.QueryTranslatorFactoryInitiator  : HHH000397: Using ASTQueryTranslatorFactory
Hibernate: select posts0_.id as id1_0_, posts0_.created_date as created_2_0_, posts0_.modified_date as modified3_0_, posts0_.author as author4_0_, posts0_.content as content5_0_, posts0_.title as title6_0_ from posts posts0_ order by posts0_.id desc
]]></system-out>
  <system-err><![CDATA[]]></system-err>
</testsuite>
