<?xml version="1.0" encoding="UTF-8"?>
<testsuite name="com.example.book.springboot.web.HelloControllerTest" tests="2" skipped="0" failures="0" errors="0" timestamp="2020-02-14T10:49:33" hostname="DESKTOP-IROTOQ5" time="0.225">
  <properties/>
  <testcase name="hello가_리턴된다" classname="com.example.book.springboot.web.HelloControllerTest" time="0.11"/>
  <testcase name="helloDto가_리턴된다" classname="com.example.book.springboot.web.HelloControllerTest" time="0.114"/>
  <system-out><![CDATA[2020-02-14 19:49:31.575  INFO 10496 --- [    Test worker] .b.t.a.w.s.WebMvcTestContextBootstrapper : Neither @ContextConfiguration nor @ContextHierarchy found for test class [com.example.book.springboot.web.HelloControllerTest], using SpringBootContextLoader
2020-02-14 19:49:31.576  INFO 10496 --- [    Test worker] o.s.t.c.support.AbstractContextLoader    : Could not detect default resource locations for test class [com.example.book.springboot.web.HelloControllerTest]: no resource found for suffixes {-context.xml, Context.groovy}.
2020-02-14 19:49:31.577  INFO 10496 --- [    Test worker] t.c.s.AnnotationConfigContextLoaderUtils : Could not detect default configuration classes for test class [com.example.book.springboot.web.HelloControllerTest]: HelloControllerTest does not declare any static, non-private, non-final, nested classes annotated with @Configuration.
2020-02-14 19:49:31.620  INFO 10496 --- [    Test worker] .b.t.c.SpringBootTestContextBootstrapper : Found @SpringBootConfiguration com.example.book.springboot.Application for test class com.example.book.springboot.web.HelloControllerTest
2020-02-14 19:49:31.621  INFO 10496 --- [    Test worker] .b.t.a.w.s.WebMvcTestContextBootstrapper : Loaded default TestExecutionListener class names from location [META-INF/spring.factories]: [org.springframework.security.test.context.support.WithSecurityContextTestExecutionListener, org.springframework.security.test.context.support.ReactorContextTestExecutionListener, org.springframework.boot.test.autoconfigure.restdocs.RestDocsTestExecutionListener, org.springframework.boot.test.autoconfigure.web.client.MockRestServiceServerResetTestExecutionListener, org.springframework.boot.test.autoconfigure.web.servlet.MockMvcPrintOnlyOnFailureTestExecutionListener, org.springframework.boot.test.autoconfigure.web.servlet.WebDriverTestExecutionListener, org.springframework.boot.test.mock.mockito.MockitoTestExecutionListener, org.springframework.boot.test.mock.mockito.ResetMocksTestExecutionListener, org.springframework.test.context.web.ServletTestExecutionListener, org.springframework.test.context.support.DirtiesContextBeforeModesTestExecutionListener, org.springframework.test.context.support.DependencyInjectionTestExecutionListener, org.springframework.test.context.support.DirtiesContextTestExecutionListener, org.springframework.test.context.transaction.TransactionalTestExecutionListener, org.springframework.test.context.jdbc.SqlScriptsTestExecutionListener]
2020-02-14 19:49:31.622  INFO 10496 --- [    Test worker] .b.t.a.w.s.WebMvcTestContextBootstrapper : Using TestExecutionListeners: [org.springframework.test.context.web.ServletTestExecutionListener@3384ee8, org.springframework.test.context.support.DirtiesContextBeforeModesTestExecutionListener@4543a05, org.springframework.boot.test.mock.mockito.MockitoTestExecutionListener@366148e0, org.springframework.boot.test.autoconfigure.SpringBootDependencyInjectionTestExecutionListener@49d5434d, org.springframework.test.context.support.DirtiesContextTestExecutionListener@85b0b91, org.springframework.test.context.transaction.TransactionalTestExecutionListener@2dfa8c8d, org.springframework.test.context.jdbc.SqlScriptsTestExecutionListener@11e0f79a, org.springframework.security.test.context.support.WithSecurityContextTestExecutionListener@72cc01c0, org.springframework.security.test.context.support.ReactorContextTestExecutionListener@229b8b8b, org.springframework.boot.test.autoconfigure.restdocs.RestDocsTestExecutionListener@5b7cf5b1, org.springframework.boot.test.autoconfigure.web.client.MockRestServiceServerResetTestExecutionListener@4db68563, org.springframework.boot.test.autoconfigure.web.servlet.MockMvcPrintOnlyOnFailureTestExecutionListener@5f665f14, org.springframework.boot.test.autoconfigure.web.servlet.WebDriverTestExecutionListener@215f50a0, org.springframework.boot.test.mock.mockito.ResetMocksTestExecutionListener@1d32f847]

  .   ____          _            __ _ _
 /\\ / ___'_ __ _ _(_)_ __  __ _ \ \ \ \
( ( )\___ | '_ | '_| | '_ \/ _` | \ \ \ \
 \\/  ___)| |_)| | | | | || (_| |  ) ) ) )
  '  |____| .__|_| |_|_| |_\__, | / / / /
 =========|_|==============|___/=/_/_/_/
 :: Spring Boot ::        (v2.1.7.RELEASE)

2020-02-14 19:49:31.702  INFO 10496 --- [    Test worker] c.e.b.s.web.HelloControllerTest          : Starting HelloControllerTest on DESKTOP-IROTOQ5 with PID 10496 (started by kimyoowan in C:\Users\kimyoowan\Desktop\web-service)
2020-02-14 19:49:31.702  INFO 10496 --- [    Test worker] c.e.b.s.web.HelloControllerTest          : The following profiles are active: oauth
2020-02-14 19:49:32.510  INFO 10496 --- [    Test worker] o.s.s.concurrent.ThreadPoolTaskExecutor  : Initializing ExecutorService 'applicationTaskExecutor'
2020-02-14 19:49:32.555  INFO 10496 --- [    Test worker] o.s.b.a.w.s.WelcomePageHandlerMapping    : Adding welcome page template: index
2020-02-14 19:49:32.878  INFO 10496 --- [    Test worker] .s.s.UserDetailsServiceAutoConfiguration : 

Using generated security password: ee00aae6-733c-4848-8357-81af349a1098

2020-02-14 19:49:33.115  INFO 10496 --- [    Test worker] o.s.s.web.DefaultSecurityFilterChain     : Creating filter chain: any request, [org.springframework.security.web.context.request.async.WebAsyncManagerIntegrationFilter@621c1186, org.springframework.security.web.context.SecurityContextPersistenceFilter@2915568e, org.springframework.security.web.header.HeaderWriterFilter@72c6ac80, org.springframework.security.web.csrf.CsrfFilter@1baf7764, org.springframework.security.web.authentication.logout.LogoutFilter@907c866, org.springframework.security.web.authentication.UsernamePasswordAuthenticationFilter@31476ccd, org.springframework.security.web.authentication.ui.DefaultLoginPageGeneratingFilter@65793a3f, org.springframework.security.web.authentication.ui.DefaultLogoutPageGeneratingFilter@53780d4, org.springframework.security.web.authentication.www.BasicAuthenticationFilter@5bedfea1, org.springframework.security.web.savedrequest.RequestCacheAwareFilter@27a4b8bd, org.springframework.security.web.servletapi.SecurityContextHolderAwareRequestFilter@6041b265, org.springframework.security.web.authentication.AnonymousAuthenticationFilter@319b6e25, org.springframework.security.web.session.SessionManagementFilter@1232e1eb, org.springframework.security.web.access.ExceptionTranslationFilter@45596cd5, org.springframework.security.web.access.intercept.FilterSecurityInterceptor@9e11831]
2020-02-14 19:49:33.182  INFO 10496 --- [    Test worker] o.s.b.t.m.w.SpringBootMockServletContext : Initializing Spring TestDispatcherServlet ''
2020-02-14 19:49:33.182  INFO 10496 --- [    Test worker] o.s.t.web.servlet.TestDispatcherServlet  : Initializing Servlet ''
2020-02-14 19:49:33.212  INFO 10496 --- [    Test worker] o.s.t.web.servlet.TestDispatcherServlet  : Completed initialization in 28 ms
2020-02-14 19:49:33.262  INFO 10496 --- [    Test worker] c.e.b.s.web.HelloControllerTest          : Started HelloControllerTest in 1.637 seconds (JVM running for 16.181)
]]></system-out>
  <system-err><![CDATA[]]></system-err>
</testsuite>
